2025-05-07 23:10:04.045  INFO 27920 --- [main] (system) c.example.MyProjectBackendApplication    : Starting MyProjectBackendApplication using Java 17.0.12 with PID 27920 (C:\Users\SUYU\Desktop\my-project\my-project-backend\target\classes started by SUYU in C:\Users\SUYU\Desktop\my-project)
2025-05-07 23:10:04.046  INFO 27920 --- [main] (system) c.example.MyProjectBackendApplication    : The following 1 profile is active: "dev"
2025-05-07 23:10:04.629  INFO 27920 --- [main] (system) .s.d.r.c.RepositoryConfigurationDelegate : Multiple Spring Data modules found, entering strict repository configuration mode
2025-05-07 23:10:04.632  INFO 27920 --- [main] (system) .s.d.r.c.RepositoryConfigurationDelegate : Bootstrapping Spring Data Redis repositories in DEFAULT mode.
2025-05-07 23:10:04.664  INFO 27920 --- [main] (system) .s.d.r.c.RepositoryConfigurationDelegate : Finished Spring Data repository scanning in 12 ms. Found 0 Redis repository interfaces.
2025-05-07 23:10:05.168  INFO 27920 --- [main] (system) o.s.b.w.embedded.tomcat.TomcatWebServer  : Tomcat initialized with port 8080 (http)
2025-05-07 23:10:05.177  INFO 27920 --- [main] (system) o.apache.catalina.core.StandardService   : Starting service [Tomcat]
2025-05-07 23:10:05.177  INFO 27920 --- [main] (system) o.apache.catalina.core.StandardEngine    : Starting Servlet engine: [Apache Tomcat/10.1.39]
2025-05-07 23:10:05.218  INFO 27920 --- [main] (system) o.a.c.c.C.[Tomcat].[localhost].[/]       : Initializing Spring embedded WebApplicationContext
2025-05-07 23:10:05.218  INFO 27920 --- [main] (system) w.s.c.ServletWebServerApplicationContext : Root WebApplicationContext: initialization completed in 1149 ms
2025-05-07 23:10:05.972  INFO 27920 --- [main] (system) r$InitializeUserDetailsManagerConfigurer : Global AuthenticationManager configured with UserDetailsService bean with name accountServiceImpl
2025-05-07 23:10:06.357  INFO 27920 --- [main] (system) o.s.b.w.embedded.tomcat.TomcatWebServer  : Tomcat started on port 8080 (http) with context path '/'
2025-05-07 23:10:06.359  INFO 27920 --- [main] (system) o.s.a.r.c.CachingConnectionFactory       : Attempting to connect to: [localhost:5672]
2025-05-07 23:10:06.389  INFO 27920 --- [main] (system) o.s.a.r.c.CachingConnectionFactory       : Created new connection: rabbitConnectionFactory#57b711b6:0/SimpleConnection@13ae87a6 [delegate=amqp://admin@127.0.0.1:5672/, localPort=6393]
2025-05-07 23:10:06.417  INFO 27920 --- [main] (system) c.example.MyProjectBackendApplication    : Started MyProjectBackendApplication in 2.741 seconds (process running for 3.169)
2025-05-07 23:10:49.810  INFO 27920 --- [http-nio-8080-exec-1] (system) o.a.c.c.C.[Tomcat].[localhost].[/]       : Initializing Spring DispatcherServlet 'dispatcherServlet'
2025-05-07 23:10:49.810  INFO 27920 --- [http-nio-8080-exec-1] (system) o.s.web.servlet.DispatcherServlet        : Initializing Servlet 'dispatcherServlet'
2025-05-07 23:10:49.811  INFO 27920 --- [http-nio-8080-exec-1] (system) o.s.web.servlet.DispatcherServlet        : Completed initialization in 0 ms
2025-05-07 23:10:49.835  INFO 27920 --- [http-nio-8080-exec-1] (232963134992814080) com.example.filter.RequestLogFilter      : 请求URL: "/api/auth/login" (POST) | 远程IP地址: 0:0:0:0:0:0:0:1 │ 身份: 未验证 | 请求参数列表: {"username":"Y1Suuu@163.com","password":"123456"}
2025-05-07 23:10:50.052  INFO 27920 --- [http-nio-8080-exec-1] (232963134992814080) com.zaxxer.hikari.HikariDataSource       : HikariPool-1 - Starting...
2025-05-07 23:10:50.209  INFO 27920 --- [http-nio-8080-exec-1] (232963134992814080) com.zaxxer.hikari.pool.HikariPool        : HikariPool-1 - Added connection com.mysql.cj.jdbc.ConnectionImpl@551ddc6
2025-05-07 23:10:50.210  INFO 27920 --- [http-nio-8080-exec-1] (232963134992814080) com.zaxxer.hikari.HikariDataSource       : HikariPool-1 - Start completed.
2025-05-07 23:10:50.587  INFO 27920 --- [http-nio-8080-exec-1] (232963134992814080) com.example.filter.RequestLogFilter      : 请求处理耗时: 757ms | 响应结果: {"code":200,"data":{"expire":"2025-05-10 23:10:50.569","role":"user","token":"eyJ0eXAiOiJKV1QiLCJhbGciOiJIUzI1NiJ9.eyJuYW1lIjoi5LiA57KfIiwiaWQiOjcsImV4cCI6MTc0Njg4OTg1MCwiaWF0IjoxNzQ2NjMwNjUwLCJqdGkiOiIxMzM5NjkxOC1mMmZiLTRhYTItYjlhNi0xMmFkMjQ5MmJkNjciLCJhdXRob3JpdGllcyI6WyJST0xFX3VzZXIiXX0.u2cb__g03byL0fc259JHhYJZj_U_ZKvVlcthSdHyam0","username":"一粟"},"id":232963134992814080,"message":"请求成功"}
2025-05-07 23:10:50.803  INFO 27920 --- [http-nio-8080-exec-2] (232963139073871872) com.example.filter.RequestLogFilter      : 请求URL: "/api/user/info" (OPTIONS) | 远程IP地址: 0:0:0:0:0:0:0:1 │ 身份: 未验证 | 请求参数列表: {}
2025-05-07 23:10:50.806  INFO 27920 --- [http-nio-8080-exec-2] (232963139073871872) com.example.filter.RequestLogFilter      : 请求处理耗时: 3ms | 响应结果: {"code":401,"data":null,"id":232963139073871872,"message":"Full authentication is required to access this resource"}
2025-05-07 23:10:50.825  INFO 27920 --- [http-nio-8080-exec-3] (232963139166146560) com.example.filter.RequestLogFilter      : 请求URL: "/api/user/info" (GET) | 远程IP地址: 0:0:0:0:0:0:0:1 │ 身份: 一粟 (UID: 7) | 角色: [ROLE_user] | 请求参数列表: {}
2025-05-07 23:10:50.866  INFO 27920 --- [http-nio-8080-exec-3] (232963139166146560) com.example.filter.RequestLogFilter      : 请求处理耗时: 41ms | 响应结果: {"id":232963139166146560,"code":200,"data":{"username":"一粟","email":"y1suuu@163.com","role":"user","register_time":"2025-04-11T19:51:17.000+00:00"},"message":"请求成功"}
2025-05-07 23:11:00.369  INFO 27920 --- [http-nio-8080-exec-4] (232963179196583936) com.example.filter.RequestLogFilter      : 请求URL: "/api/user/details" (OPTIONS) | 远程IP地址: 0:0:0:0:0:0:0:1 │ 身份: 未验证 | 请求参数列表: {}
2025-05-07 23:11:00.369  INFO 27920 --- [http-nio-8080-exec-4] (232963179196583936) com.example.filter.RequestLogFilter      : 请求处理耗时: 0ms | 响应结果: {"code":401,"data":null,"id":232963179196583936,"message":"Full authentication is required to access this resource"}
2025-05-07 23:11:00.373  INFO 27920 --- [http-nio-8080-exec-5] (232963179213361152) com.example.filter.RequestLogFilter      : 请求URL: "/api/user/details" (GET) | 远程IP地址: 0:0:0:0:0:0:0:1 │ 身份: 一粟 (UID: 7) | 角色: [ROLE_user] | 请求参数列表: {}
2025-05-07 23:11:00.378  INFO 27920 --- [http-nio-8080-exec-5] (232963179213361152) com.example.filter.RequestLogFilter      : 请求处理耗时: 5ms | 响应结果: {"id":232963179213361152,"code":200,"data":{"gender":0,"phone":"15886430806","qq":"3362187436","wx":"YiSu_i","desc":"你好，我是一西米！"},"message":"请求成功"}
2025-05-07 23:11:01.153  INFO 27920 --- [http-nio-8080-exec-6] (232963182484918272) com.example.filter.RequestLogFilter      : 请求URL: "/api/user/privacy" (OPTIONS) | 远程IP地址: 0:0:0:0:0:0:0:1 │ 身份: 未验证 | 请求参数列表: {}
2025-05-07 23:11:01.153  INFO 27920 --- [http-nio-8080-exec-6] (232963182484918272) com.example.filter.RequestLogFilter      : 请求处理耗时: 0ms | 响应结果: {"code":401,"data":null,"id":232963182484918272,"message":"Full authentication is required to access this resource"}
2025-05-07 23:11:01.156  INFO 27920 --- [http-nio-8080-exec-7] (232963182497501184) com.example.filter.RequestLogFilter      : 请求URL: "/api/user/privacy" (GET) | 远程IP地址: 0:0:0:0:0:0:0:1 │ 身份: 一粟 (UID: 7) | 角色: [ROLE_user] | 请求参数列表: {}
2025-05-07 23:11:01.161  INFO 27920 --- [http-nio-8080-exec-7] (232963182497501184) com.example.filter.RequestLogFilter      : 请求处理耗时: 5ms | 响应结果: {"id":232963182497501184,"code":200,"data":{"phone":true,"email":true,"wx":true,"qq":true,"gender":true},"message":"请求成功"}
2025-05-07 23:11:02.638  INFO 27920 --- [http-nio-8080-exec-8] (232963188713459712) com.example.filter.RequestLogFilter      : 请求URL: "/api/user/save-privacy" (OPTIONS) | 远程IP地址: 0:0:0:0:0:0:0:1 │ 身份: 未验证 | 请求参数列表: {}
2025-05-07 23:11:02.638  INFO 27920 --- [http-nio-8080-exec-8] (232963188713459712) com.example.filter.RequestLogFilter      : 请求处理耗时: 0ms | 响应结果: {"code":401,"data":null,"id":232963188713459712,"message":"Full authentication is required to access this resource"}
2025-05-07 23:11:02.641  INFO 27920 --- [http-nio-8080-exec-9] (232963188726042624) com.example.filter.RequestLogFilter      : 请求URL: "/api/user/save-privacy" (POST) | 远程IP地址: 0:0:0:0:0:0:0:1 │ 身份: 一粟 (UID: 7) | 角色: [ROLE_user] | 请求参数列表: {}
2025-05-07 23:11:02.719  INFO 27920 --- [http-nio-8080-exec-9] (232963188726042624) com.example.filter.RequestLogFilter      : 请求处理耗时: 78ms | 响应结果: {"id":232963188726042624,"code":200,"data":null,"message":"请求成功"}
2025-05-07 23:11:03.328  INFO 27920 --- [http-nio-8080-exec-10] (232963191607529472) com.example.filter.RequestLogFilter      : 请求URL: "/api/user/save-privacy" (POST) | 远程IP地址: 0:0:0:0:0:0:0:1 │ 身份: 一粟 (UID: 7) | 角色: [ROLE_user] | 请求参数列表: {}
2025-05-07 23:11:03.353  INFO 27920 --- [http-nio-8080-exec-10] (232963191607529472) com.example.filter.RequestLogFilter      : 请求处理耗时: 25ms | 响应结果: {"id":232963191607529472,"code":200,"data":null,"message":"请求成功"}
2025-05-07 23:11:03.646  INFO 27920 --- [http-nio-8080-exec-1] (232963192941318144) com.example.filter.RequestLogFilter      : 请求URL: "/api/user/save-privacy" (POST) | 远程IP地址: 0:0:0:0:0:0:0:1 │ 身份: 一粟 (UID: 7) | 角色: [ROLE_user] | 请求参数列表: {}
2025-05-07 23:11:03.651  INFO 27920 --- [http-nio-8080-exec-1] (232963192941318144) com.example.filter.RequestLogFilter      : 请求处理耗时: 5ms | 响应结果: {"id":232963192941318144,"code":200,"data":null,"message":"请求成功"}
2025-05-07 23:11:04.122  INFO 27920 --- [http-nio-8080-exec-2] (232963194937806848) com.example.filter.RequestLogFilter      : 请求URL: "/api/user/save-privacy" (POST) | 远程IP地址: 0:0:0:0:0:0:0:1 │ 身份: 一粟 (UID: 7) | 角色: [ROLE_user] | 请求参数列表: {}
2025-05-07 23:11:04.127  INFO 27920 --- [http-nio-8080-exec-2] (232963194937806848) com.example.filter.RequestLogFilter      : 请求处理耗时: 5ms | 响应结果: {"id":232963194937806848,"code":200,"data":null,"message":"请求成功"}
2025-05-07 23:11:04.339  INFO 27920 --- [http-nio-8080-exec-3] (232963195847970816) com.example.filter.RequestLogFilter      : 请求URL: "/api/user/save-privacy" (POST) | 远程IP地址: 0:0:0:0:0:0:0:1 │ 身份: 一粟 (UID: 7) | 角色: [ROLE_user] | 请求参数列表: {}
2025-05-07 23:11:04.365  INFO 27920 --- [http-nio-8080-exec-3] (232963195847970816) com.example.filter.RequestLogFilter      : 请求处理耗时: 26ms | 响应结果: {"id":232963195847970816,"code":200,"data":null,"message":"请求成功"}
2025-05-07 23:11:07.413  INFO 27920 --- [http-nio-8080-exec-4] (232963208741261312) com.example.filter.RequestLogFilter      : 请求URL: "/api/user/details" (OPTIONS) | 远程IP地址: 0:0:0:0:0:0:0:1 │ 身份: 未验证 | 请求参数列表: {}
2025-05-07 23:11:07.413  INFO 27920 --- [http-nio-8080-exec-4] (232963208741261312) com.example.filter.RequestLogFilter      : 请求处理耗时: 0ms | 响应结果: {"code":401,"data":null,"id":232963208741261312,"message":"Full authentication is required to access this resource"}
2025-05-07 23:11:07.416  INFO 27920 --- [http-nio-8080-exec-5] (232963208753844224) com.example.filter.RequestLogFilter      : 请求URL: "/api/user/details" (GET) | 远程IP地址: 0:0:0:0:0:0:0:1 │ 身份: 一粟 (UID: 7) | 角色: [ROLE_user] | 请求参数列表: {}
2025-05-07 23:11:07.419  INFO 27920 --- [http-nio-8080-exec-5] (232963208753844224) com.example.filter.RequestLogFilter      : 请求处理耗时: 3ms | 响应结果: {"id":232963208753844224,"code":200,"data":{"gender":0,"phone":"15886430806","qq":"3362187436","wx":"YiSu_i","desc":"你好，我是一西米！"},"message":"请求成功"}
2025-05-07 23:11:08.081  INFO 27920 --- [http-nio-8080-exec-6] (232963211543056384) com.example.filter.RequestLogFilter      : 请求URL: "/api/user/privacy" (OPTIONS) | 远程IP地址: 0:0:0:0:0:0:0:1 │ 身份: 未验证 | 请求参数列表: {}
2025-05-07 23:11:08.081  INFO 27920 --- [http-nio-8080-exec-6] (232963211543056384) com.example.filter.RequestLogFilter      : 请求处理耗时: 0ms | 响应结果: {"code":401,"data":null,"id":232963211543056384,"message":"Full authentication is required to access this resource"}
2025-05-07 23:11:08.085  INFO 27920 --- [http-nio-8080-exec-7] (232963211559833600) com.example.filter.RequestLogFilter      : 请求URL: "/api/user/privacy" (GET) | 远程IP地址: 0:0:0:0:0:0:0:1 │ 身份: 一粟 (UID: 7) | 角色: [ROLE_user] | 请求参数列表: {}
2025-05-07 23:11:08.088  INFO 27920 --- [http-nio-8080-exec-7] (232963211559833600) com.example.filter.RequestLogFilter      : 请求处理耗时: 3ms | 响应结果: {"id":232963211559833600,"code":200,"data":{"phone":false,"email":false,"wx":false,"qq":false,"gender":false},"message":"请求成功"}
2025-05-07 23:11:08.980  INFO 27920 --- [http-nio-8080-exec-8] (232963215313735680) com.example.filter.RequestLogFilter      : 请求URL: "/api/user/save-privacy" (OPTIONS) | 远程IP地址: 0:0:0:0:0:0:0:1 │ 身份: 未验证 | 请求参数列表: {}
2025-05-07 23:11:08.981  INFO 27920 --- [http-nio-8080-exec-8] (232963215313735680) com.example.filter.RequestLogFilter      : 请求处理耗时: 1ms | 响应结果: {"code":401,"data":null,"id":232963215313735680,"message":"Full authentication is required to access this resource"}
2025-05-07 23:11:08.983  INFO 27920 --- [http-nio-8080-exec-9] (232963215326318592) com.example.filter.RequestLogFilter      : 请求URL: "/api/user/save-privacy" (POST) | 远程IP地址: 0:0:0:0:0:0:0:1 │ 身份: 一粟 (UID: 7) | 角色: [ROLE_user] | 请求参数列表: {}
2025-05-07 23:11:09.000  INFO 27920 --- [http-nio-8080-exec-9] (232963215326318592) com.example.filter.RequestLogFilter      : 请求处理耗时: 17ms | 响应结果: {"id":232963215326318592,"code":200,"data":null,"message":"请求成功"}
2025-05-07 23:11:09.221  INFO 27920 --- [http-nio-8080-exec-10] (232963216324562944) com.example.filter.RequestLogFilter      : 请求URL: "/api/user/save-privacy" (POST) | 远程IP地址: 0:0:0:0:0:0:0:1 │ 身份: 一粟 (UID: 7) | 角色: [ROLE_user] | 请求参数列表: {}
2025-05-07 23:11:09.237  INFO 27920 --- [http-nio-8080-exec-10] (232963216324562944) com.example.filter.RequestLogFilter      : 请求处理耗时: 16ms | 响应结果: {"id":232963216324562944,"code":200,"data":null,"message":"请求成功"}
2025-05-07 23:11:09.526  INFO 27920 --- [http-nio-8080-exec-1] (232963217603825664) com.example.filter.RequestLogFilter      : 请求URL: "/api/user/save-privacy" (POST) | 远程IP地址: 0:0:0:0:0:0:0:1 │ 身份: 一粟 (UID: 7) | 角色: [ROLE_user] | 请求参数列表: {}
2025-05-07 23:11:09.534  INFO 27920 --- [http-nio-8080-exec-1] (232963217603825664) com.example.filter.RequestLogFilter      : 请求处理耗时: 8ms | 响应结果: {"id":232963217603825664,"code":200,"data":null,"message":"请求成功"}
2025-05-07 23:11:09.802  INFO 27920 --- [http-nio-8080-exec-2] (232963218761453568) com.example.filter.RequestLogFilter      : 请求URL: "/api/user/save-privacy" (POST) | 远程IP地址: 0:0:0:0:0:0:0:1 │ 身份: 一粟 (UID: 7) | 角色: [ROLE_user] | 请求参数列表: {}
2025-05-07 23:11:09.818  INFO 27920 --- [http-nio-8080-exec-2] (232963218761453568) com.example.filter.RequestLogFilter      : 请求处理耗时: 16ms | 响应结果: {"id":232963218761453568,"code":200,"data":null,"message":"请求成功"}
2025-05-07 23:11:10.028  INFO 27920 --- [http-nio-8080-exec-3] (232963219709366272) com.example.filter.RequestLogFilter      : 请求URL: "/api/user/save-privacy" (POST) | 远程IP地址: 0:0:0:0:0:0:0:1 │ 身份: 一粟 (UID: 7) | 角色: [ROLE_user] | 请求参数列表: {}
2025-05-07 23:11:10.043  INFO 27920 --- [http-nio-8080-exec-3] (232963219709366272) com.example.filter.RequestLogFilter      : 请求处理耗时: 15ms | 响应结果: {"id":232963219709366272,"code":200,"data":null,"message":"请求成功"}
2025-05-07 23:11:10.601  INFO 27920 --- [http-nio-8080-exec-4] (232963222112702464) com.example.filter.RequestLogFilter      : 请求URL: "/api/user/save-privacy" (POST) | 远程IP地址: 0:0:0:0:0:0:0:1 │ 身份: 一粟 (UID: 7) | 角色: [ROLE_user] | 请求参数列表: {}
2025-05-07 23:11:10.611  INFO 27920 --- [http-nio-8080-exec-4] (232963222112702464) com.example.filter.RequestLogFilter      : 请求处理耗时: 9ms | 响应结果: {"id":232963222112702464,"code":200,"data":null,"message":"请求成功"}
2025-05-07 23:11:10.915  INFO 27920 --- [http-nio-8080-exec-5] (232963223429713920) com.example.filter.RequestLogFilter      : 请求URL: "/api/user/save-privacy" (POST) | 远程IP地址: 0:0:0:0:0:0:0:1 │ 身份: 一粟 (UID: 7) | 角色: [ROLE_user] | 请求参数列表: {}
2025-05-07 23:11:10.932  INFO 27920 --- [http-nio-8080-exec-5] (232963223429713920) com.example.filter.RequestLogFilter      : 请求处理耗时: 17ms | 响应结果: {"id":232963223429713920,"code":200,"data":null,"message":"请求成功"}
2025-05-07 23:11:12.496  INFO 27920 --- [http-nio-8080-exec-6] (232963230060908544) com.example.filter.RequestLogFilter      : 请求URL: "/api/user/info" (OPTIONS) | 远程IP地址: 0:0:0:0:0:0:0:1 │ 身份: 未验证 | 请求参数列表: {}
2025-05-07 23:11:12.496  INFO 27920 --- [http-nio-8080-exec-6] (232963230060908544) com.example.filter.RequestLogFilter      : 请求处理耗时: 0ms | 响应结果: {"code":401,"data":null,"id":232963230060908544,"message":"Full authentication is required to access this resource"}
2025-05-07 23:11:12.500  INFO 27920 --- [http-nio-8080-exec-7] (232963230077685760) com.example.filter.RequestLogFilter      : 请求URL: "/api/user/info" (GET) | 远程IP地址: 0:0:0:0:0:0:0:1 │ 身份: 一粟 (UID: 7) | 角色: [ROLE_user] | 请求参数列表: {}
2025-05-07 23:11:12.502  INFO 27920 --- [http-nio-8080-exec-7] (232963230077685760) com.example.filter.RequestLogFilter      : 请求处理耗时: 2ms | 响应结果: {"id":232963230077685760,"code":200,"data":{"username":"一粟","email":"y1suuu@163.com","role":"user","register_time":"2025-04-11T19:51:17.000+00:00"},"message":"请求成功"}
2025-05-07 23:11:12.531  INFO 27920 --- [http-nio-8080-exec-8] (232963230207709184) com.example.filter.RequestLogFilter      : 请求URL: "/api/user/privacy" (GET) | 远程IP地址: 0:0:0:0:0:0:0:1 │ 身份: 一粟 (UID: 7) | 角色: [ROLE_user] | 请求参数列表: {}
2025-05-07 23:11:12.533  INFO 27920 --- [http-nio-8080-exec-8] (232963230207709184) com.example.filter.RequestLogFilter      : 请求处理耗时: 2ms | 响应结果: {"id":232963230207709184,"code":200,"data":{"phone":true,"email":true,"wx":true,"qq":true,"gender":true},"message":"请求成功"}
2025-05-07 23:11:15.703  INFO 27920 --- [http-nio-8080-exec-9] (232963243512041472) com.example.filter.RequestLogFilter      : 请求URL: "/api/user/info" (GET) | 远程IP地址: 0:0:0:0:0:0:0:1 │ 身份: 一粟 (UID: 7) | 角色: [ROLE_user] | 请求参数列表: {}
2025-05-07 23:11:15.706  INFO 27920 --- [http-nio-8080-exec-9] (232963243512041472) com.example.filter.RequestLogFilter      : 请求处理耗时: 3ms | 响应结果: {"id":232963243512041472,"code":200,"data":{"username":"一粟","email":"y1suuu@163.com","role":"user","register_time":"2025-04-11T19:51:17.000+00:00"},"message":"请求成功"}
2025-05-07 23:11:15.737  INFO 27920 --- [http-nio-8080-exec-10] (232963243654647808) com.example.filter.RequestLogFilter      : 请求URL: "/api/user/privacy" (OPTIONS) | 远程IP地址: 0:0:0:0:0:0:0:1 │ 身份: 未验证 | 请求参数列表: {}
2025-05-07 23:11:15.738  INFO 27920 --- [http-nio-8080-exec-10] (232963243654647808) com.example.filter.RequestLogFilter      : 请求处理耗时: 1ms | 响应结果: {"code":401,"data":null,"id":232963243654647808,"message":"Full authentication is required to access this resource"}
2025-05-07 23:11:15.740  INFO 27920 --- [http-nio-8080-exec-1] (232963243667230720) com.example.filter.RequestLogFilter      : 请求URL: "/api/user/privacy" (GET) | 远程IP地址: 0:0:0:0:0:0:0:1 │ 身份: 一粟 (UID: 7) | 角色: [ROLE_user] | 请求参数列表: {}
2025-05-07 23:11:15.743  INFO 27920 --- [http-nio-8080-exec-1] (232963243667230720) com.example.filter.RequestLogFilter      : 请求处理耗时: 3ms | 响应结果: {"id":232963243667230720,"code":200,"data":{"phone":true,"email":true,"wx":true,"qq":true,"gender":true},"message":"请求成功"}
2025-05-07 23:11:21.794  INFO 27920 --- [http-nio-8080-exec-2] (232963269059547136) com.example.filter.RequestLogFilter      : 请求URL: "/api/auth/logout" (OPTIONS) | 远程IP地址: 0:0:0:0:0:0:0:1 │ 身份: 未验证 | 请求参数列表: {}
2025-05-07 23:11:21.827  INFO 27920 --- [http-nio-8080-exec-2] (232963269059547136) com.example.filter.RequestLogFilter      : 请求处理耗时: 33ms | 响应结果: 
2025-05-07 23:21:36.976  INFO 27920 --- [http-nio-8080-exec-5] (232965849319870464) com.example.filter.RequestLogFilter      : 请求URL: "/api/auth/login" (POST) | 远程IP地址: 0:0:0:0:0:0:0:1 │ 身份: 未验证 | 请求参数列表: {"username":"Y1Suuu@163.com","password":"123456"}
2025-05-07 23:21:37.048  INFO 27920 --- [http-nio-8080-exec-5] (232965849319870464) com.example.filter.RequestLogFilter      : 请求处理耗时: 72ms | 响应结果: {"code":200,"data":{"expire":"2025-05-10 23:21:37.048","role":"user","token":"eyJ0eXAiOiJKV1QiLCJhbGciOiJIUzI1NiJ9.eyJuYW1lIjoi5LiA57KfIiwiaWQiOjcsImV4cCI6MTc0Njg5MDQ5NywiaWF0IjoxNzQ2NjMxMjk3LCJqdGkiOiJkNmIzYzAwZi02MDEwLTQ0NGYtOWU5ZC1kOWYwNWJhNzRkNGQiLCJhdXRob3JpdGllcyI6WyJST0xFX3VzZXIiXX0.M-up9yVI_mOEknOtuyqZFJ0UKhROwATzlk0Zf8xL_mA","username":"一粟"},"id":232965849319870464,"message":"请求成功"}
2025-05-07 23:21:37.065  INFO 27920 --- [http-nio-8080-exec-6] (232965849693163520) com.example.filter.RequestLogFilter      : 请求URL: "/api/user/info" (OPTIONS) | 远程IP地址: 0:0:0:0:0:0:0:1 │ 身份: 未验证 | 请求参数列表: {}
2025-05-07 23:21:37.066  INFO 27920 --- [http-nio-8080-exec-6] (232965849693163520) com.example.filter.RequestLogFilter      : 请求处理耗时: 1ms | 响应结果: {"code":401,"data":null,"id":232965849693163520,"message":"Full authentication is required to access this resource"}
2025-05-07 23:21:37.068  INFO 27920 --- [http-nio-8080-exec-7] (232965849705746432) com.example.filter.RequestLogFilter      : 请求URL: "/api/user/info" (GET) | 远程IP地址: 0:0:0:0:0:0:0:1 │ 身份: 一粟 (UID: 7) | 角色: [ROLE_user] | 请求参数列表: {}
2025-05-07 23:21:37.070  INFO 27920 --- [http-nio-8080-exec-7] (232965849705746432) com.example.filter.RequestLogFilter      : 请求处理耗时: 2ms | 响应结果: {"id":232965849705746432,"code":200,"data":{"username":"一粟","email":"y1suuu@163.com","role":"user","register_time":"2025-04-11T19:51:17.000+00:00"},"message":"请求成功"}
2025-05-07 23:21:38.872  INFO 27920 --- [http-nio-8080-exec-8] (232965857272270848) com.example.filter.RequestLogFilter      : 请求URL: "/api/user/details" (OPTIONS) | 远程IP地址: 0:0:0:0:0:0:0:1 │ 身份: 未验证 | 请求参数列表: {}
2025-05-07 23:21:38.873  INFO 27920 --- [http-nio-8080-exec-8] (232965857272270848) com.example.filter.RequestLogFilter      : 请求处理耗时: 1ms | 响应结果: {"code":401,"data":null,"id":232965857272270848,"message":"Full authentication is required to access this resource"}
2025-05-07 23:21:38.876  INFO 27920 --- [http-nio-8080-exec-9] (232965857289048064) com.example.filter.RequestLogFilter      : 请求URL: "/api/user/details" (GET) | 远程IP地址: 0:0:0:0:0:0:0:1 │ 身份: 一粟 (UID: 7) | 角色: [ROLE_user] | 请求参数列表: {}
2025-05-07 23:21:38.878  INFO 27920 --- [http-nio-8080-exec-9] (232965857289048064) com.example.filter.RequestLogFilter      : 请求处理耗时: 2ms | 响应结果: {"id":232965857289048064,"code":200,"data":{"gender":0,"phone":"15886430806","qq":"3362187436","wx":"YiSu_i","desc":"你好，我是一西米！"},"message":"请求成功"}
