2025-04-15 00:24:12.993  INFO 30848 --- [org.springframework.amqp.rabbit.RabbitListenerEndpointContainer#0-2] (system) o.s.a.r.l.SimpleMessageListenerContainer : Waiting for workers to finish.
2025-04-15 00:24:13.546  INFO 30848 --- [org.springframework.amqp.rabbit.RabbitListenerEndpointContainer#0-2] (system) o.s.a.r.l.SimpleMessageListenerContainer : Successfully waited for workers to finish.
2025-04-15 00:24:13.552  INFO 30848 --- [SpringApplicationShutdownHook] (system) o.s.b.w.e.tomcat.GracefulShutdown        : Commencing graceful shutdown. Waiting for active requests to complete
2025-04-15 00:24:13.786  INFO 30848 --- [tomcat-shutdown] (system) o.s.b.w.e.tomcat.GracefulShutdown        : Graceful shutdown complete
2025-04-15 00:24:13.851  INFO 30848 --- [SpringApplicationShutdownHook] (system) com.zaxxer.hikari.HikariDataSource       : HikariPool-1 - Shutdown initiated...
2025-04-15 00:24:13.854  INFO 30848 --- [SpringApplicationShutdownHook] (system) com.zaxxer.hikari.HikariDataSource       : HikariPool-1 - Shutdown completed.
2025-04-15 01:43:35.032  INFO 30908 --- [main] (system) c.example.MyProjectBackendApplication    : Starting MyProjectBackendApplication using Java 17.0.12 with PID 30908 (C:\Users\SUYU\Desktop\my-project\my-project-backend\target\classes started by SUYU in C:\Users\SUYU\Desktop\my-project)
2025-04-15 01:43:35.033  INFO 30908 --- [main] (system) c.example.MyProjectBackendApplication    : The following 1 profile is active: "dev"
2025-04-15 01:43:35.532  INFO 30908 --- [main] (system) .s.d.r.c.RepositoryConfigurationDelegate : Multiple Spring Data modules found, entering strict repository configuration mode
2025-04-15 01:43:35.533  INFO 30908 --- [main] (system) .s.d.r.c.RepositoryConfigurationDelegate : Bootstrapping Spring Data Redis repositories in DEFAULT mode.
2025-04-15 01:43:35.554  INFO 30908 --- [main] (system) .s.d.r.c.RepositoryConfigurationDelegate : Finished Spring Data repository scanning in 7 ms. Found 0 Redis repository interfaces.
2025-04-15 01:43:35.942  INFO 30908 --- [main] (system) o.s.b.w.embedded.tomcat.TomcatWebServer  : Tomcat initialized with port 8080 (http)
2025-04-15 01:43:35.952  INFO 30908 --- [main] (system) o.apache.catalina.core.StandardService   : Starting service [Tomcat]
2025-04-15 01:43:35.952  INFO 30908 --- [main] (system) o.apache.catalina.core.StandardEngine    : Starting Servlet engine: [Apache Tomcat/10.1.39]
2025-04-15 01:43:35.987  INFO 30908 --- [main] (system) o.a.c.c.C.[Tomcat].[localhost].[/]       : Initializing Spring embedded WebApplicationContext
2025-04-15 01:43:35.987  INFO 30908 --- [main] (system) w.s.c.ServletWebServerApplicationContext : Root WebApplicationContext: initialization completed in 933 ms
2025-04-15 01:43:36.695  INFO 30908 --- [main] (system) r$InitializeUserDetailsManagerConfigurer : Global AuthenticationManager configured with UserDetailsService bean with name accountServiceImpl
2025-04-15 01:43:37.078  INFO 30908 --- [main] (system) o.s.b.w.embedded.tomcat.TomcatWebServer  : Tomcat started on port 8080 (http) with context path '/'
2025-04-15 01:43:37.079  INFO 30908 --- [main] (system) o.s.a.r.c.CachingConnectionFactory       : Attempting to connect to: [localhost:5672]
2025-04-15 01:43:37.107  INFO 30908 --- [main] (system) o.s.a.r.c.CachingConnectionFactory       : Created new connection: rabbitConnectionFactory#7853363c:0/SimpleConnection@12478b4e [delegate=amqp://admin@127.0.0.1:5672/, localPort=2271]
2025-04-15 01:43:37.136  INFO 30908 --- [main] (system) c.example.MyProjectBackendApplication    : Started MyProjectBackendApplication in 2.451 seconds (process running for 2.8)
2025-04-15 01:44:28.991  INFO 30908 --- [http-nio-8080-exec-1] (system) o.a.c.c.C.[Tomcat].[localhost].[/]       : Initializing Spring DispatcherServlet 'dispatcherServlet'
2025-04-15 01:44:28.991  INFO 30908 --- [http-nio-8080-exec-1] (system) o.s.web.servlet.DispatcherServlet        : Initializing Servlet 'dispatcherServlet'
2025-04-15 01:44:28.992  INFO 30908 --- [http-nio-8080-exec-1] (system) o.s.web.servlet.DispatcherServlet        : Completed initialization in 1 ms
2025-04-15 01:44:29.313 ERROR 30908 --- [http-nio-8080-exec-1] (system) o.a.c.c.C.[.[.[/].[dispatcherServlet]    : Servlet.service() for servlet [dispatcherServlet] in context with path [] threw exception

org.springframework.data.redis.RedisConnectionFailureException: Unable to connect to Redis
	at org.springframework.data.redis.connection.lettuce.LettuceConnectionFactory$ExceptionTranslatingConnectionProvider.translateException(LettuceConnectionFactory.java:1858)
	at org.springframework.data.redis.connection.lettuce.LettuceConnectionFactory$ExceptionTranslatingConnectionProvider.getConnection(LettuceConnectionFactory.java:1789)
	at org.springframework.data.redis.connection.lettuce.LettuceConnectionFactory$SharedConnection.getNativeConnection(LettuceConnectionFactory.java:1586)
	at org.springframework.data.redis.connection.lettuce.LettuceConnectionFactory$SharedConnection.lambda$getConnection$0(LettuceConnectionFactory.java:1566)
	at org.springframework.data.redis.connection.lettuce.LettuceConnectionFactory.doInLock(LettuceConnectionFactory.java:1527)
	at org.springframework.data.redis.connection.lettuce.LettuceConnectionFactory$SharedConnection.getConnection(LettuceConnectionFactory.java:1563)
	at org.springframework.data.redis.connection.lettuce.LettuceConnectionFactory.getSharedConnection(LettuceConnectionFactory.java:1249)
	at org.springframework.data.redis.connection.lettuce.LettuceConnectionFactory.getConnection(LettuceConnectionFactory.java:1055)
	at org.springframework.data.redis.core.RedisConnectionUtils.fetchConnection(RedisConnectionUtils.java:195)
	at org.springframework.data.redis.core.RedisConnectionUtils.doGetConnection(RedisConnectionUtils.java:144)
	at org.springframework.data.redis.core.RedisConnectionUtils.getConnection(RedisConnectionUtils.java:105)
	at org.springframework.data.redis.core.RedisTemplate.execute(RedisTemplate.java:398)
	at org.springframework.data.redis.core.RedisTemplate.execute(RedisTemplate.java:378)
	at org.springframework.data.redis.core.RedisTemplate.doWithKeys(RedisTemplate.java:790)
	at org.springframework.data.redis.core.RedisTemplate.hasKey(RedisTemplate.java:576)
	at com.example.filter.FlowLimitingFilter.tryCount(FlowLimitingFilter.java:61)
	at com.example.filter.FlowLimitingFilter.doFilter(FlowLimitingFilter.java:48)
	at jakarta.servlet.http.HttpFilter.doFilter(HttpFilter.java:53)
	at org.apache.catalina.core.ApplicationFilterChain.internalDoFilter(ApplicationFilterChain.java:164)
	at org.apache.catalina.core.ApplicationFilterChain.doFilter(ApplicationFilterChain.java:140)
	at com.example.filter.CorsFilter.doFilter(CorsFilter.java:34)
	at jakarta.servlet.http.HttpFilter.doFilter(HttpFilter.java:53)
	at org.apache.catalina.core.ApplicationFilterChain.internalDoFilter(ApplicationFilterChain.java:164)
	at org.apache.catalina.core.ApplicationFilterChain.doFilter(ApplicationFilterChain.java:140)
	at org.springframework.web.filter.RequestContextFilter.doFilterInternal(RequestContextFilter.java:100)
	at org.springframework.web.filter.OncePerRequestFilter.doFilter(OncePerRequestFilter.java:116)
	at org.apache.catalina.core.ApplicationFilterChain.internalDoFilter(ApplicationFilterChain.java:164)
	at org.apache.catalina.core.ApplicationFilterChain.doFilter(ApplicationFilterChain.java:140)
	at org.springframework.web.filter.FormContentFilter.doFilterInternal(FormContentFilter.java:93)
	at org.springframework.web.filter.OncePerRequestFilter.doFilter(OncePerRequestFilter.java:116)
	at org.apache.catalina.core.ApplicationFilterChain.internalDoFilter(ApplicationFilterChain.java:164)
	at org.apache.catalina.core.ApplicationFilterChain.doFilter(ApplicationFilterChain.java:140)
	at org.springframework.web.filter.CharacterEncodingFilter.doFilterInternal(CharacterEncodingFilter.java:201)
	at org.springframework.web.filter.OncePerRequestFilter.doFilter(OncePerRequestFilter.java:116)
	at org.apache.catalina.core.ApplicationFilterChain.internalDoFilter(ApplicationFilterChain.java:164)
	at org.apache.catalina.core.ApplicationFilterChain.doFilter(ApplicationFilterChain.java:140)
	at org.apache.catalina.core.StandardWrapperValve.invoke(StandardWrapperValve.java:167)
	at org.apache.catalina.core.StandardContextValve.invoke(StandardContextValve.java:90)
	at org.apache.catalina.authenticator.AuthenticatorBase.invoke(AuthenticatorBase.java:483)
	at org.apache.catalina.core.StandardHostValve.invoke(StandardHostValve.java:115)
	at org.apache.catalina.valves.ErrorReportValve.invoke(ErrorReportValve.java:93)
	at org.apache.catalina.core.StandardEngineValve.invoke(StandardEngineValve.java:74)
	at org.apache.catalina.connector.CoyoteAdapter.service(CoyoteAdapter.java:344)
	at org.apache.coyote.http11.Http11Processor.service(Http11Processor.java:397)
	at org.apache.coyote.AbstractProcessorLight.process(AbstractProcessorLight.java:63)
	at org.apache.coyote.AbstractProtocol$ConnectionHandler.process(AbstractProtocol.java:905)
	at org.apache.tomcat.util.net.NioEndpoint$SocketProcessor.doRun(NioEndpoint.java:1743)
	at org.apache.tomcat.util.net.SocketProcessorBase.run(SocketProcessorBase.java:52)
	at org.apache.tomcat.util.threads.ThreadPoolExecutor.runWorker(ThreadPoolExecutor.java:1190)
	at org.apache.tomcat.util.threads.ThreadPoolExecutor$Worker.run(ThreadPoolExecutor.java:659)
	at org.apache.tomcat.util.threads.TaskThread$WrappingRunnable.run(TaskThread.java:63)
	at java.base/java.lang.Thread.run(Thread.java:842)
Caused by: io.lettuce.core.RedisConnectionException: Unable to connect to localhost/<unresolved>:6379
	at io.lettuce.core.RedisConnectionException.create(RedisConnectionException.java:63)
	at io.lettuce.core.RedisConnectionException.create(RedisConnectionException.java:41)
	at io.lettuce.core.AbstractRedisClient.getConnection(AbstractRedisClient.java:354)
	at io.lettuce.core.RedisClient.connect(RedisClient.java:219)
	at org.springframework.data.redis.connection.lettuce.StandaloneConnectionProvider.lambda$getConnection$1(StandaloneConnectionProvider.java:112)
	at java.base/java.util.Optional.orElseGet(Optional.java:364)
	at org.springframework.data.redis.connection.lettuce.StandaloneConnectionProvider.getConnection(StandaloneConnectionProvider.java:112)
	at org.springframework.data.redis.connection.lettuce.LettuceConnectionFactory$ExceptionTranslatingConnectionProvider.getConnection(LettuceConnectionFactory.java:1787)
	... 50 common frames omitted
Caused by: io.netty.channel.AbstractChannel$AnnotatedConnectException: Connection refused: no further information: localhost/127.0.0.1:6379
Caused by: java.net.ConnectException: Connection refused: no further information
	at java.base/sun.nio.ch.Net.pollConnect(Native Method)
	at java.base/sun.nio.ch.Net.pollConnectNow(Net.java:672)
	at java.base/sun.nio.ch.SocketChannelImpl.finishConnect(SocketChannelImpl.java:946)
	at io.netty.channel.socket.nio.NioSocketChannel.doFinishConnect(NioSocketChannel.java:336)
	at io.netty.channel.nio.AbstractNioChannel$AbstractNioUnsafe.finishConnect(AbstractNioChannel.java:339)
	at io.netty.channel.nio.NioEventLoop.processSelectedKey(NioEventLoop.java:784)
	at io.netty.channel.nio.NioEventLoop.processSelectedKeysOptimized(NioEventLoop.java:732)
	at io.netty.channel.nio.NioEventLoop.processSelectedKeys(NioEventLoop.java:658)
	at io.netty.channel.nio.NioEventLoop.run(NioEventLoop.java:562)
	at io.netty.util.concurrent.SingleThreadEventExecutor$4.run(SingleThreadEventExecutor.java:998)
	at io.netty.util.internal.ThreadExecutorMap$2.run(ThreadExecutorMap.java:74)
	at io.netty.util.concurrent.FastThreadLocalRunnable.run(FastThreadLocalRunnable.java:30)
	at java.base/java.lang.Thread.run(Thread.java:842)

2025-04-15 01:45:02.622 ERROR 30908 --- [http-nio-8080-exec-2] (system) o.a.c.c.C.[.[.[/].[dispatcherServlet]    : Servlet.service() for servlet [dispatcherServlet] in context with path [] threw exception

org.springframework.data.redis.RedisConnectionFailureException: Unable to connect to Redis
	at org.springframework.data.redis.connection.lettuce.LettuceConnectionFactory$ExceptionTranslatingConnectionProvider.translateException(LettuceConnectionFactory.java:1858)
	at org.springframework.data.redis.connection.lettuce.LettuceConnectionFactory$ExceptionTranslatingConnectionProvider.getConnection(LettuceConnectionFactory.java:1789)
	at org.springframework.data.redis.connection.lettuce.LettuceConnectionFactory$SharedConnection.getNativeConnection(LettuceConnectionFactory.java:1586)
	at org.springframework.data.redis.connection.lettuce.LettuceConnectionFactory$SharedConnection.lambda$getConnection$0(LettuceConnectionFactory.java:1566)
	at org.springframework.data.redis.connection.lettuce.LettuceConnectionFactory.doInLock(LettuceConnectionFactory.java:1527)
	at org.springframework.data.redis.connection.lettuce.LettuceConnectionFactory$SharedConnection.getConnection(LettuceConnectionFactory.java:1563)
	at org.springframework.data.redis.connection.lettuce.LettuceConnectionFactory.getSharedConnection(LettuceConnectionFactory.java:1249)
	at org.springframework.data.redis.connection.lettuce.LettuceConnectionFactory.getConnection(LettuceConnectionFactory.java:1055)
	at org.springframework.data.redis.core.RedisConnectionUtils.fetchConnection(RedisConnectionUtils.java:195)
	at org.springframework.data.redis.core.RedisConnectionUtils.doGetConnection(RedisConnectionUtils.java:144)
	at org.springframework.data.redis.core.RedisConnectionUtils.getConnection(RedisConnectionUtils.java:105)
	at org.springframework.data.redis.core.RedisTemplate.execute(RedisTemplate.java:398)
	at org.springframework.data.redis.core.RedisTemplate.execute(RedisTemplate.java:378)
	at org.springframework.data.redis.core.RedisTemplate.doWithKeys(RedisTemplate.java:790)
	at org.springframework.data.redis.core.RedisTemplate.hasKey(RedisTemplate.java:576)
	at com.example.filter.FlowLimitingFilter.tryCount(FlowLimitingFilter.java:61)
	at com.example.filter.FlowLimitingFilter.doFilter(FlowLimitingFilter.java:48)
	at jakarta.servlet.http.HttpFilter.doFilter(HttpFilter.java:53)
	at org.apache.catalina.core.ApplicationFilterChain.internalDoFilter(ApplicationFilterChain.java:164)
	at org.apache.catalina.core.ApplicationFilterChain.doFilter(ApplicationFilterChain.java:140)
	at com.example.filter.CorsFilter.doFilter(CorsFilter.java:34)
	at jakarta.servlet.http.HttpFilter.doFilter(HttpFilter.java:53)
	at org.apache.catalina.core.ApplicationFilterChain.internalDoFilter(ApplicationFilterChain.java:164)
	at org.apache.catalina.core.ApplicationFilterChain.doFilter(ApplicationFilterChain.java:140)
	at org.springframework.web.filter.RequestContextFilter.doFilterInternal(RequestContextFilter.java:100)
	at org.springframework.web.filter.OncePerRequestFilter.doFilter(OncePerRequestFilter.java:116)
	at org.apache.catalina.core.ApplicationFilterChain.internalDoFilter(ApplicationFilterChain.java:164)
	at org.apache.catalina.core.ApplicationFilterChain.doFilter(ApplicationFilterChain.java:140)
	at org.springframework.web.filter.FormContentFilter.doFilterInternal(FormContentFilter.java:93)
	at org.springframework.web.filter.OncePerRequestFilter.doFilter(OncePerRequestFilter.java:116)
	at org.apache.catalina.core.ApplicationFilterChain.internalDoFilter(ApplicationFilterChain.java:164)
	at org.apache.catalina.core.ApplicationFilterChain.doFilter(ApplicationFilterChain.java:140)
	at org.springframework.web.filter.CharacterEncodingFilter.doFilterInternal(CharacterEncodingFilter.java:201)
	at org.springframework.web.filter.OncePerRequestFilter.doFilter(OncePerRequestFilter.java:116)
	at org.apache.catalina.core.ApplicationFilterChain.internalDoFilter(ApplicationFilterChain.java:164)
	at org.apache.catalina.core.ApplicationFilterChain.doFilter(ApplicationFilterChain.java:140)
	at org.apache.catalina.core.StandardWrapperValve.invoke(StandardWrapperValve.java:167)
	at org.apache.catalina.core.StandardContextValve.invoke(StandardContextValve.java:90)
	at org.apache.catalina.authenticator.AuthenticatorBase.invoke(AuthenticatorBase.java:483)
	at org.apache.catalina.core.StandardHostValve.invoke(StandardHostValve.java:115)
	at org.apache.catalina.valves.ErrorReportValve.invoke(ErrorReportValve.java:93)
	at org.apache.catalina.core.StandardEngineValve.invoke(StandardEngineValve.java:74)
	at org.apache.catalina.connector.CoyoteAdapter.service(CoyoteAdapter.java:344)
	at org.apache.coyote.http11.Http11Processor.service(Http11Processor.java:397)
	at org.apache.coyote.AbstractProcessorLight.process(AbstractProcessorLight.java:63)
	at org.apache.coyote.AbstractProtocol$ConnectionHandler.process(AbstractProtocol.java:905)
	at org.apache.tomcat.util.net.NioEndpoint$SocketProcessor.doRun(NioEndpoint.java:1743)
	at org.apache.tomcat.util.net.SocketProcessorBase.run(SocketProcessorBase.java:52)
	at org.apache.tomcat.util.threads.ThreadPoolExecutor.runWorker(ThreadPoolExecutor.java:1190)
	at org.apache.tomcat.util.threads.ThreadPoolExecutor$Worker.run(ThreadPoolExecutor.java:659)
	at org.apache.tomcat.util.threads.TaskThread$WrappingRunnable.run(TaskThread.java:63)
	at java.base/java.lang.Thread.run(Thread.java:842)
Caused by: io.lettuce.core.RedisConnectionException: Unable to connect to localhost/<unresolved>:6379
	at io.lettuce.core.RedisConnectionException.create(RedisConnectionException.java:63)
	at io.lettuce.core.RedisConnectionException.create(RedisConnectionException.java:41)
	at io.lettuce.core.AbstractRedisClient.getConnection(AbstractRedisClient.java:354)
	at io.lettuce.core.RedisClient.connect(RedisClient.java:219)
	at org.springframework.data.redis.connection.lettuce.StandaloneConnectionProvider.lambda$getConnection$1(StandaloneConnectionProvider.java:112)
	at java.base/java.util.Optional.orElseGet(Optional.java:364)
	at org.springframework.data.redis.connection.lettuce.StandaloneConnectionProvider.getConnection(StandaloneConnectionProvider.java:112)
	at org.springframework.data.redis.connection.lettuce.LettuceConnectionFactory$ExceptionTranslatingConnectionProvider.getConnection(LettuceConnectionFactory.java:1787)
	... 50 common frames omitted
Caused by: io.netty.channel.AbstractChannel$AnnotatedConnectException: Connection refused: no further information: localhost/127.0.0.1:6379
Caused by: java.net.ConnectException: Connection refused: no further information
	at java.base/sun.nio.ch.Net.pollConnect(Native Method)
	at java.base/sun.nio.ch.Net.pollConnectNow(Net.java:672)
	at java.base/sun.nio.ch.SocketChannelImpl.finishConnect(SocketChannelImpl.java:946)
	at io.netty.channel.socket.nio.NioSocketChannel.doFinishConnect(NioSocketChannel.java:336)
	at io.netty.channel.nio.AbstractNioChannel$AbstractNioUnsafe.finishConnect(AbstractNioChannel.java:339)
	at io.netty.channel.nio.NioEventLoop.processSelectedKey(NioEventLoop.java:784)
	at io.netty.channel.nio.NioEventLoop.processSelectedKeysOptimized(NioEventLoop.java:732)
	at io.netty.channel.nio.NioEventLoop.processSelectedKeys(NioEventLoop.java:658)
	at io.netty.channel.nio.NioEventLoop.run(NioEventLoop.java:562)
	at io.netty.util.concurrent.SingleThreadEventExecutor$4.run(SingleThreadEventExecutor.java:998)
	at io.netty.util.internal.ThreadExecutorMap$2.run(ThreadExecutorMap.java:74)
	at io.netty.util.concurrent.FastThreadLocalRunnable.run(FastThreadLocalRunnable.java:30)
	at java.base/java.lang.Thread.run(Thread.java:842)

2025-04-15 01:45:20.650  INFO 30908 --- [org.springframework.amqp.rabbit.RabbitListenerEndpointContainer#0-2] (system) o.s.a.r.l.SimpleMessageListenerContainer : Waiting for workers to finish.
2025-04-15 01:45:21.562  INFO 30908 --- [org.springframework.amqp.rabbit.RabbitListenerEndpointContainer#0-2] (system) o.s.a.r.l.SimpleMessageListenerContainer : Successfully waited for workers to finish.
2025-04-15 01:45:21.563  INFO 30908 --- [SpringApplicationShutdownHook] (system) o.s.b.w.e.tomcat.GracefulShutdown        : Commencing graceful shutdown. Waiting for active requests to complete
2025-04-15 01:45:21.733  INFO 30908 --- [tomcat-shutdown] (system) o.s.b.w.e.tomcat.GracefulShutdown        : Graceful shutdown complete
2025-04-15 01:45:23.275  INFO 8392 --- [main] (system) c.example.MyProjectBackendApplication    : Starting MyProjectBackendApplication using Java 17.0.12 with PID 8392 (C:\Users\SUYU\Desktop\my-project\my-project-backend\target\classes started by SUYU in C:\Users\SUYU\Desktop\my-project)
2025-04-15 01:45:23.277  INFO 8392 --- [main] (system) c.example.MyProjectBackendApplication    : The following 1 profile is active: "dev"
2025-04-15 01:45:23.808  INFO 8392 --- [main] (system) .s.d.r.c.RepositoryConfigurationDelegate : Multiple Spring Data modules found, entering strict repository configuration mode
2025-04-15 01:45:23.810  INFO 8392 --- [main] (system) .s.d.r.c.RepositoryConfigurationDelegate : Bootstrapping Spring Data Redis repositories in DEFAULT mode.
2025-04-15 01:45:23.828  INFO 8392 --- [main] (system) .s.d.r.c.RepositoryConfigurationDelegate : Finished Spring Data repository scanning in 7 ms. Found 0 Redis repository interfaces.
2025-04-15 01:45:24.220  INFO 8392 --- [main] (system) o.s.b.w.embedded.tomcat.TomcatWebServer  : Tomcat initialized with port 8080 (http)
2025-04-15 01:45:24.228  INFO 8392 --- [main] (system) o.apache.catalina.core.StandardService   : Starting service [Tomcat]
2025-04-15 01:45:24.228  INFO 8392 --- [main] (system) o.apache.catalina.core.StandardEngine    : Starting Servlet engine: [Apache Tomcat/10.1.39]
2025-04-15 01:45:24.262  INFO 8392 --- [main] (system) o.a.c.c.C.[Tomcat].[localhost].[/]       : Initializing Spring embedded WebApplicationContext
2025-04-15 01:45:24.263  INFO 8392 --- [main] (system) w.s.c.ServletWebServerApplicationContext : Root WebApplicationContext: initialization completed in 963 ms
2025-04-15 01:45:24.917  INFO 8392 --- [main] (system) r$InitializeUserDetailsManagerConfigurer : Global AuthenticationManager configured with UserDetailsService bean with name accountServiceImpl
2025-04-15 01:45:25.353  INFO 8392 --- [main] (system) o.s.b.w.embedded.tomcat.TomcatWebServer  : Tomcat started on port 8080 (http) with context path '/'
2025-04-15 01:45:25.354  INFO 8392 --- [main] (system) o.s.a.r.c.CachingConnectionFactory       : Attempting to connect to: [localhost:5672]
2025-04-15 01:45:25.379  INFO 8392 --- [main] (system) o.s.a.r.c.CachingConnectionFactory       : Created new connection: rabbitConnectionFactory#6282f1eb:0/SimpleConnection@64921450 [delegate=amqp://admin@127.0.0.1:5672/, localPort=2383]
2025-04-15 01:45:25.398  INFO 8392 --- [http-nio-8080-exec-1] (system) o.a.c.c.C.[Tomcat].[localhost].[/]       : Initializing Spring DispatcherServlet 'dispatcherServlet'
2025-04-15 01:45:25.398  INFO 8392 --- [http-nio-8080-exec-1] (system) o.s.web.servlet.DispatcherServlet        : Initializing Servlet 'dispatcherServlet'
2025-04-15 01:45:25.399  INFO 8392 --- [http-nio-8080-exec-1] (system) o.s.web.servlet.DispatcherServlet        : Completed initialization in 1 ms
2025-04-15 01:45:25.410  INFO 8392 --- [main] (system) c.example.MyProjectBackendApplication    : Started MyProjectBackendApplication in 2.614 seconds (process running for 2.927)
2025-04-15 01:45:25.660  INFO 8392 --- [http-nio-8080-exec-1] (224667119726497792) com.example.filter.RequestLogFilter      : 请求URL: "/api/user/info" (OPTIONS) | 远程IP地址: 127.0.0.1 │ 身份: 未验证 | 请求参数列表: {}
2025-04-15 01:45:25.756  INFO 8392 --- [http-nio-8080-exec-1] (224667119726497792) com.example.filter.RequestLogFilter      : 请求处理耗时: 98ms | 响应结果: {"code":401,"data":null,"id":224667119726497792,"message":"Full authentication is required to access this resource"}
2025-04-15 01:45:25.784  INFO 8392 --- [http-nio-8080-exec-1] (224667120254980096) com.example.filter.RequestLogFilter      : 请求URL: "/api/user/info" (GET) | 远程IP地址: 127.0.0.1 │ 身份: 一粟 (UID: 7) | 角色: [ROLE_user] | 请求参数列表: {}
2025-04-15 01:45:25.846  INFO 8392 --- [http-nio-8080-exec-1] (224667120254980096) com.zaxxer.hikari.HikariDataSource       : HikariPool-1 - Starting...
2025-04-15 01:45:26.009  INFO 8392 --- [http-nio-8080-exec-1] (224667120254980096) com.zaxxer.hikari.pool.HikariPool        : HikariPool-1 - Added connection com.mysql.cj.jdbc.ConnectionImpl@7037d501
2025-04-15 01:45:26.010  INFO 8392 --- [http-nio-8080-exec-1] (224667120254980096) com.zaxxer.hikari.HikariDataSource       : HikariPool-1 - Start completed.
2025-04-15 01:45:26.060  INFO 8392 --- [http-nio-8080-exec-1] (224667120254980096) com.example.filter.RequestLogFilter      : 请求处理耗时: 276ms | 响应结果: {"id":224667120254980096,"code":200,"data":{"username":"一粟","email":"Y1Suuu@163.com","role":"user","register_time":"2025-04-11T19:51:17.000+00:00"},"message":"请求成功"}
2025-04-15 01:45:26.105  INFO 8392 --- [http-nio-8080-exec-2] (224667121601351680) com.example.filter.RequestLogFilter      : 请求URL: "/api/user/details" (OPTIONS) | 远程IP地址: 127.0.0.1 │ 身份: 未验证 | 请求参数列表: {}
2025-04-15 01:45:26.106  INFO 8392 --- [http-nio-8080-exec-2] (224667121601351680) com.example.filter.RequestLogFilter      : 请求处理耗时: 1ms | 响应结果: {"code":401,"data":null,"id":224667121601351680,"message":"Full authentication is required to access this resource"}
2025-04-15 01:45:26.109  INFO 8392 --- [http-nio-8080-exec-3] (224667121618128896) com.example.filter.RequestLogFilter      : 请求URL: "/api/user/details" (GET) | 远程IP地址: 127.0.0.1 │ 身份: 一粟 (UID: 7) | 角色: [ROLE_user] | 请求参数列表: {}
2025-04-15 01:45:26.114  INFO 8392 --- [http-nio-8080-exec-3] (224667121618128896) com.example.filter.RequestLogFilter      : 请求处理耗时: 5ms | 响应结果: {"id":224667121618128896,"code":200,"data":{"gender":0,"phone":"15886430806","qq":"3362187436","wx":"YiSu_i","desc":"你好，我是一西米！"},"message":"请求成功"}
2025-04-15 02:02:56.192  INFO 8392 --- [http-nio-8080-exec-6] (224671525985456128) com.example.filter.RequestLogFilter      : 请求URL: "/api/user/details" (OPTIONS) | 远程IP地址: 0:0:0:0:0:0:0:1 │ 身份: 未验证 | 请求参数列表: {}
2025-04-15 02:02:56.192  INFO 8392 --- [http-nio-8080-exec-6] (224671525985456128) com.example.filter.RequestLogFilter      : 请求处理耗时: 0ms | 响应结果: {"code":401,"data":null,"id":224671525985456128,"message":"Full authentication is required to access this resource"}
2025-04-15 02:02:56.196  INFO 8392 --- [http-nio-8080-exec-7] (224671526002233344) com.example.filter.RequestLogFilter      : 请求URL: "/api/user/details" (GET) | 远程IP地址: 0:0:0:0:0:0:0:1 │ 身份: 一粟 (UID: 7) | 角色: [ROLE_user] | 请求参数列表: {}
2025-04-15 02:02:56.199  INFO 8392 --- [http-nio-8080-exec-7] (224671526002233344) com.example.filter.RequestLogFilter      : 请求处理耗时: 3ms | 响应结果: {"id":224671526002233344,"code":200,"data":{"gender":0,"phone":"15886430806","qq":"3362187436","wx":"YiSu_i","desc":"你好，我是一西米！"},"message":"请求成功"}
2025-04-15 02:09:21.745  INFO 8392 --- [http-nio-8080-exec-9] (224673143111946240) com.example.filter.RequestLogFilter      : 请求URL: "/api/user/info" (OPTIONS) | 远程IP地址: 0:0:0:0:0:0:0:1 │ 身份: 未验证 | 请求参数列表: {}
2025-04-15 02:09:21.746  INFO 8392 --- [http-nio-8080-exec-9] (224673143111946240) com.example.filter.RequestLogFilter      : 请求处理耗时: 1ms | 响应结果: {"code":401,"data":null,"id":224673143111946240,"message":"Full authentication is required to access this resource"}
2025-04-15 02:09:21.748  INFO 8392 --- [http-nio-8080-exec-10] (224673143124529152) com.example.filter.RequestLogFilter      : 请求URL: "/api/user/info" (GET) | 远程IP地址: 0:0:0:0:0:0:0:1 │ 身份: 一粟 (UID: 7) | 角色: [ROLE_user] | 请求参数列表: {}
2025-04-15 02:09:21.752  INFO 8392 --- [http-nio-8080-exec-10] (224673143124529152) com.example.filter.RequestLogFilter      : 请求处理耗时: 4ms | 响应结果: {"id":224673143124529152,"code":200,"data":{"username":"一粟","email":"Y1Suuu@163.com","role":"user","register_time":"2025-04-11T19:51:17.000+00:00"},"message":"请求成功"}
2025-04-15 02:09:21.808  INFO 8392 --- [http-nio-8080-exec-1] (224673143376187392) com.example.filter.RequestLogFilter      : 请求URL: "/api/user/details" (OPTIONS) | 远程IP地址: 0:0:0:0:0:0:0:1 │ 身份: 未验证 | 请求参数列表: {}
2025-04-15 02:09:21.808  INFO 8392 --- [http-nio-8080-exec-1] (224673143376187392) com.example.filter.RequestLogFilter      : 请求处理耗时: 0ms | 响应结果: {"code":401,"data":null,"id":224673143376187392,"message":"Full authentication is required to access this resource"}
2025-04-15 02:09:21.810  INFO 8392 --- [http-nio-8080-exec-2] (224673143384576000) com.example.filter.RequestLogFilter      : 请求URL: "/api/user/details" (GET) | 远程IP地址: 0:0:0:0:0:0:0:1 │ 身份: 一粟 (UID: 7) | 角色: [ROLE_user] | 请求参数列表: {}
2025-04-15 02:09:21.812  INFO 8392 --- [http-nio-8080-exec-2] (224673143384576000) com.example.filter.RequestLogFilter      : 请求处理耗时: 2ms | 响应结果: {"id":224673143384576000,"code":200,"data":{"gender":0,"phone":"15886430806","qq":"3362187436","wx":"YiSu_i","desc":"你好，我是一西米！"},"message":"请求成功"}
2025-04-15 02:10:23.629  INFO 8392 --- [org.springframework.amqp.rabbit.RabbitListenerEndpointContainer#0-2] (system) o.s.a.r.l.SimpleMessageListenerContainer : Waiting for workers to finish.
2025-04-15 02:10:24.308  INFO 8392 --- [org.springframework.amqp.rabbit.RabbitListenerEndpointContainer#0-2] (system) o.s.a.r.l.SimpleMessageListenerContainer : Successfully waited for workers to finish.
2025-04-15 02:10:24.309  INFO 8392 --- [SpringApplicationShutdownHook] (system) o.s.b.w.e.tomcat.GracefulShutdown        : Commencing graceful shutdown. Waiting for active requests to complete
2025-04-15 02:10:24.476  INFO 8392 --- [tomcat-shutdown] (system) o.s.b.w.e.tomcat.GracefulShutdown        : Graceful shutdown complete
2025-04-15 02:10:24.491  INFO 8392 --- [SpringApplicationShutdownHook] (system) com.zaxxer.hikari.HikariDataSource       : HikariPool-1 - Shutdown initiated...
2025-04-15 02:10:24.495  INFO 8392 --- [SpringApplicationShutdownHook] (system) com.zaxxer.hikari.HikariDataSource       : HikariPool-1 - Shutdown completed.
2025-04-15 02:10:27.908  INFO 46368 --- [main] (system) c.example.MyProjectBackendApplication    : Starting MyProjectBackendApplication using Java 17.0.12 with PID 46368 (C:\Users\SUYU\Desktop\my-project\my-project-backend\target\classes started by SUYU in C:\Users\SUYU\Desktop\my-project)
2025-04-15 02:10:27.909  INFO 46368 --- [main] (system) c.example.MyProjectBackendApplication    : The following 1 profile is active: "dev"
2025-04-15 02:10:28.435  INFO 46368 --- [main] (system) .s.d.r.c.RepositoryConfigurationDelegate : Multiple Spring Data modules found, entering strict repository configuration mode
2025-04-15 02:10:28.436  INFO 46368 --- [main] (system) .s.d.r.c.RepositoryConfigurationDelegate : Bootstrapping Spring Data Redis repositories in DEFAULT mode.
2025-04-15 02:10:28.460  INFO 46368 --- [main] (system) .s.d.r.c.RepositoryConfigurationDelegate : Finished Spring Data repository scanning in 9 ms. Found 0 Redis repository interfaces.
2025-04-15 02:10:28.893  INFO 46368 --- [main] (system) o.s.b.w.embedded.tomcat.TomcatWebServer  : Tomcat initialized with port 8080 (http)
2025-04-15 02:10:28.901  INFO 46368 --- [main] (system) o.apache.catalina.core.StandardService   : Starting service [Tomcat]
2025-04-15 02:10:28.901  INFO 46368 --- [main] (system) o.apache.catalina.core.StandardEngine    : Starting Servlet engine: [Apache Tomcat/10.1.39]
2025-04-15 02:10:28.938  INFO 46368 --- [main] (system) o.a.c.c.C.[Tomcat].[localhost].[/]       : Initializing Spring embedded WebApplicationContext
2025-04-15 02:10:28.939  INFO 46368 --- [main] (system) w.s.c.ServletWebServerApplicationContext : Root WebApplicationContext: initialization completed in 1006 ms
2025-04-15 02:10:29.641  INFO 46368 --- [main] (system) r$InitializeUserDetailsManagerConfigurer : Global AuthenticationManager configured with UserDetailsService bean with name accountServiceImpl
2025-04-15 02:10:30.041  INFO 46368 --- [main] (system) o.s.b.w.embedded.tomcat.TomcatWebServer  : Tomcat started on port 8080 (http) with context path '/'
2025-04-15 02:10:30.044  INFO 46368 --- [main] (system) o.s.a.r.c.CachingConnectionFactory       : Attempting to connect to: [localhost:5672]
2025-04-15 02:10:30.069  INFO 46368 --- [main] (system) o.s.a.r.c.CachingConnectionFactory       : Created new connection: rabbitConnectionFactory#2db461b5:0/SimpleConnection@a84b6de [delegate=amqp://admin@127.0.0.1:5672/, localPort=8461]
2025-04-15 02:10:30.098  INFO 46368 --- [main] (system) c.example.MyProjectBackendApplication    : Started MyProjectBackendApplication in 2.6 seconds (process running for 2.938)
2025-04-15 02:10:36.004  INFO 46368 --- [http-nio-8080-exec-1] (system) o.a.c.c.C.[Tomcat].[localhost].[/]       : Initializing Spring DispatcherServlet 'dispatcherServlet'
2025-04-15 02:10:36.004  INFO 46368 --- [http-nio-8080-exec-1] (system) o.s.web.servlet.DispatcherServlet        : Initializing Servlet 'dispatcherServlet'
2025-04-15 02:10:36.005  INFO 46368 --- [http-nio-8080-exec-1] (system) o.s.web.servlet.DispatcherServlet        : Completed initialization in 1 ms
2025-04-15 02:10:36.270  INFO 46368 --- [http-nio-8080-exec-1] (224673455688257536) com.example.filter.RequestLogFilter      : 请求URL: "/api/user/info" (OPTIONS) | 远程IP地址: 0:0:0:0:0:0:0:1 │ 身份: 未验证 | 请求参数列表: {}
2025-04-15 02:10:36.358  INFO 46368 --- [http-nio-8080-exec-1] (224673455688257536) com.example.filter.RequestLogFilter      : 请求处理耗时: 89ms | 响应结果: {"code":401,"data":null,"id":224673455688257536,"message":"Full authentication is required to access this resource"}
2025-04-15 02:10:36.388  INFO 46368 --- [http-nio-8080-exec-2] (224673456187379712) com.example.filter.RequestLogFilter      : 请求URL: "/api/user/info" (GET) | 远程IP地址: 0:0:0:0:0:0:0:1 │ 身份: 一粟 (UID: 7) | 角色: [ROLE_user] | 请求参数列表: {}
2025-04-15 02:10:36.455  INFO 46368 --- [http-nio-8080-exec-2] (224673456187379712) com.zaxxer.hikari.HikariDataSource       : HikariPool-1 - Starting...
2025-04-15 02:10:36.625  INFO 46368 --- [http-nio-8080-exec-2] (224673456187379712) com.zaxxer.hikari.pool.HikariPool        : HikariPool-1 - Added connection com.mysql.cj.jdbc.ConnectionImpl@4fac9f0b
2025-04-15 02:10:36.626  INFO 46368 --- [http-nio-8080-exec-2] (224673456187379712) com.zaxxer.hikari.HikariDataSource       : HikariPool-1 - Start completed.
2025-04-15 02:10:36.679  INFO 46368 --- [http-nio-8080-exec-2] (224673456187379712) com.example.filter.RequestLogFilter      : 请求处理耗时: 291ms | 响应结果: {"id":224673456187379712,"code":200,"data":{"username":"一粟","email":"Y1Suuu@163.com","role":"user","register_time":"2025-04-11T19:51:17.000+00:00"},"message":"请求成功"}
2025-04-15 02:10:36.708  INFO 46368 --- [http-nio-8080-exec-3] (224673457529556992) com.example.filter.RequestLogFilter      : 请求URL: "/api/user/details" (OPTIONS) | 远程IP地址: 0:0:0:0:0:0:0:1 │ 身份: 未验证 | 请求参数列表: {}
2025-04-15 02:10:36.709  INFO 46368 --- [http-nio-8080-exec-3] (224673457529556992) com.example.filter.RequestLogFilter      : 请求处理耗时: 1ms | 响应结果: {"code":401,"data":null,"id":224673457529556992,"message":"Full authentication is required to access this resource"}
2025-04-15 02:10:36.711  INFO 46368 --- [http-nio-8080-exec-4] (224673457542139904) com.example.filter.RequestLogFilter      : 请求URL: "/api/user/details" (GET) | 远程IP地址: 0:0:0:0:0:0:0:1 │ 身份: 一粟 (UID: 7) | 角色: [ROLE_user] | 请求参数列表: {}
2025-04-15 02:10:36.716  INFO 46368 --- [http-nio-8080-exec-4] (224673457542139904) com.example.filter.RequestLogFilter      : 请求处理耗时: 5ms | 响应结果: {"id":224673457542139904,"code":200,"data":{"gender":0,"phone":"15886430806","qq":"3362187436","wx":"YiSu_i","desc":"你好，我是一西米！"},"message":"请求成功"}
2025-04-15 02:10:38.555  INFO 46368 --- [http-nio-8080-exec-5] (224673465276436480) com.example.filter.RequestLogFilter      : 请求URL: "/api/auth/ask-code" (OPTIONS) | 远程IP地址: 0:0:0:0:0:0:0:1 │ 身份: 未验证 | 请求参数列表: {"email":"Y1Suuu@163.com","type":"modify"}
2025-04-15 02:10:38.575  INFO 46368 --- [http-nio-8080-exec-5] (224673465276436480) com.example.filter.RequestLogFilter      : 请求处理耗时: 20ms | 响应结果: 
2025-04-15 02:10:38.577  INFO 46368 --- [http-nio-8080-exec-9] (224673465368711168) com.example.filter.RequestLogFilter      : 请求URL: "/api/auth/ask-code" (GET) | 远程IP地址: 0:0:0:0:0:0:0:1 │ 身份: 一粟 (UID: 7) | 角色: [ROLE_user] | 请求参数列表: {"email":"Y1Suuu@163.com","type":"modify"}
2025-04-15 02:10:38.634  INFO 46368 --- [http-nio-8080-exec-9] (224673465368711168) com.example.filter.RequestLogFilter      : 请求处理耗时: 57ms | 响应结果: {"id":224673465368711168,"code":200,"data":null,"message":"请求成功"}
2025-04-15 02:19:07.273  INFO 46368 --- [http-nio-8080-exec-8] (224675598994378752) com.example.filter.RequestLogFilter      : 请求URL: "/api/user/details" (OPTIONS) | 远程IP地址: 0:0:0:0:0:0:0:1 │ 身份: 未验证 | 请求参数列表: {}
2025-04-15 02:19:07.274  INFO 46368 --- [http-nio-8080-exec-8] (224675598994378752) com.example.filter.RequestLogFilter      : 请求处理耗时: 1ms | 响应结果: {"code":401,"data":null,"id":224675598994378752,"message":"Full authentication is required to access this resource"}
2025-04-15 02:19:07.277  INFO 46368 --- [http-nio-8080-exec-6] (224675599011155968) com.example.filter.RequestLogFilter      : 请求URL: "/api/user/details" (GET) | 远程IP地址: 0:0:0:0:0:0:0:1 │ 身份: 一粟 (UID: 7) | 角色: [ROLE_user] | 请求参数列表: {}
2025-04-15 02:19:07.280  INFO 46368 --- [http-nio-8080-exec-6] (224675599011155968) com.example.filter.RequestLogFilter      : 请求处理耗时: 3ms | 响应结果: {"id":224675599011155968,"code":200,"data":{"gender":0,"phone":"15886430806","qq":"3362187436","wx":"YiSu_i","desc":"你好，我是一西米！"},"message":"请求成功"}
2025-04-15 02:19:08.620  INFO 46368 --- [http-nio-8080-exec-10] (224675604644106240) com.example.filter.RequestLogFilter      : 请求URL: "/api/user/info" (OPTIONS) | 远程IP地址: 0:0:0:0:0:0:0:1 │ 身份: 未验证 | 请求参数列表: {}
2025-04-15 02:19:08.620  INFO 46368 --- [http-nio-8080-exec-10] (224675604644106240) com.example.filter.RequestLogFilter      : 请求处理耗时: 0ms | 响应结果: {"code":401,"data":null,"id":224675604644106240,"message":"Full authentication is required to access this resource"}
2025-04-15 02:19:08.623  INFO 46368 --- [http-nio-8080-exec-1] (224675604656689152) com.example.filter.RequestLogFilter      : 请求URL: "/api/user/info" (GET) | 远程IP地址: 0:0:0:0:0:0:0:1 │ 身份: 一粟 (UID: 7) | 角色: [ROLE_user] | 请求参数列表: {}
2025-04-15 02:19:08.626  INFO 46368 --- [http-nio-8080-exec-1] (224675604656689152) com.example.filter.RequestLogFilter      : 请求处理耗时: 3ms | 响应结果: {"id":224675604656689152,"code":200,"data":{"username":"一粟","email":"Y1Suuu@163.com","role":"user","register_time":"2025-04-11T19:51:17.000+00:00"},"message":"请求成功"}
2025-04-15 02:19:08.657  INFO 46368 --- [http-nio-8080-exec-2] (224675604799295488) com.example.filter.RequestLogFilter      : 请求URL: "/api/user/details" (GET) | 远程IP地址: 0:0:0:0:0:0:0:1 │ 身份: 一粟 (UID: 7) | 角色: [ROLE_user] | 请求参数列表: {}
2025-04-15 02:19:08.659  INFO 46368 --- [http-nio-8080-exec-2] (224675604799295488) com.example.filter.RequestLogFilter      : 请求处理耗时: 2ms | 响应结果: {"id":224675604799295488,"code":200,"data":{"gender":0,"phone":"15886430806","qq":"3362187436","wx":"YiSu_i","desc":"你好，我是一西米！"},"message":"请求成功"}
2025-04-15 02:19:10.331  INFO 46368 --- [http-nio-8080-exec-3] (224675611820560384) com.example.filter.RequestLogFilter      : 请求URL: "/api/auth/ask-code" (OPTIONS) | 远程IP地址: 0:0:0:0:0:0:0:1 │ 身份: 未验证 | 请求参数列表: {"email":"Y1Suuu@163.com","type":"modify"}
2025-04-15 02:19:10.332  INFO 46368 --- [http-nio-8080-exec-3] (224675611820560384) com.example.filter.RequestLogFilter      : 请求处理耗时: 1ms | 响应结果: 
2025-04-15 02:19:10.334  INFO 46368 --- [http-nio-8080-exec-4] (224675611833143296) com.example.filter.RequestLogFilter      : 请求URL: "/api/auth/ask-code" (GET) | 远程IP地址: 0:0:0:0:0:0:0:1 │ 身份: 一粟 (UID: 7) | 角色: [ROLE_user] | 请求参数列表: {"email":"Y1Suuu@163.com","type":"modify"}
2025-04-15 02:19:10.336  INFO 46368 --- [http-nio-8080-exec-4] (224675611833143296) com.example.filter.RequestLogFilter      : 请求处理耗时: 2ms | 响应结果: {"id":224675611833143296,"code":200,"data":null,"message":"请求成功"}
2025-04-15 02:23:44.054  INFO 46368 --- [org.springframework.amqp.rabbit.RabbitListenerEndpointContainer#0-2] (system) o.s.a.r.l.SimpleMessageListenerContainer : Waiting for workers to finish.
2025-04-15 02:23:44.084  INFO 46368 --- [org.springframework.amqp.rabbit.RabbitListenerEndpointContainer#0-2] (system) o.s.a.r.l.SimpleMessageListenerContainer : Successfully waited for workers to finish.
2025-04-15 02:23:44.085  INFO 46368 --- [SpringApplicationShutdownHook] (system) o.s.b.w.e.tomcat.GracefulShutdown        : Commencing graceful shutdown. Waiting for active requests to complete
2025-04-15 02:23:44.257  INFO 46368 --- [tomcat-shutdown] (system) o.s.b.w.e.tomcat.GracefulShutdown        : Graceful shutdown complete
2025-04-15 02:23:44.269  INFO 46368 --- [SpringApplicationShutdownHook] (system) com.zaxxer.hikari.HikariDataSource       : HikariPool-1 - Shutdown initiated...
2025-04-15 02:23:44.272  INFO 46368 --- [SpringApplicationShutdownHook] (system) com.zaxxer.hikari.HikariDataSource       : HikariPool-1 - Shutdown completed.
2025-04-15 02:23:45.789  INFO 10124 --- [main] (system) c.example.MyProjectBackendApplication    : Starting MyProjectBackendApplication using Java 17.0.12 with PID 10124 (C:\Users\SUYU\Desktop\my-project\my-project-backend\target\classes started by SUYU in C:\Users\SUYU\Desktop\my-project)
2025-04-15 02:23:45.790  INFO 10124 --- [main] (system) c.example.MyProjectBackendApplication    : The following 1 profile is active: "dev"
2025-04-15 02:23:46.331  INFO 10124 --- [main] (system) .s.d.r.c.RepositoryConfigurationDelegate : Multiple Spring Data modules found, entering strict repository configuration mode
2025-04-15 02:23:46.332  INFO 10124 --- [main] (system) .s.d.r.c.RepositoryConfigurationDelegate : Bootstrapping Spring Data Redis repositories in DEFAULT mode.
2025-04-15 02:23:46.357  INFO 10124 --- [main] (system) .s.d.r.c.RepositoryConfigurationDelegate : Finished Spring Data repository scanning in 11 ms. Found 0 Redis repository interfaces.
2025-04-15 02:23:46.761  INFO 10124 --- [main] (system) o.s.b.w.embedded.tomcat.TomcatWebServer  : Tomcat initialized with port 8080 (http)
2025-04-15 02:23:46.770  INFO 10124 --- [main] (system) o.apache.catalina.core.StandardService   : Starting service [Tomcat]
2025-04-15 02:23:46.770  INFO 10124 --- [main] (system) o.apache.catalina.core.StandardEngine    : Starting Servlet engine: [Apache Tomcat/10.1.39]
2025-04-15 02:23:46.805  INFO 10124 --- [main] (system) o.a.c.c.C.[Tomcat].[localhost].[/]       : Initializing Spring embedded WebApplicationContext
2025-04-15 02:23:46.806  INFO 10124 --- [main] (system) w.s.c.ServletWebServerApplicationContext : Root WebApplicationContext: initialization completed in 991 ms
2025-04-15 02:23:47.488  INFO 10124 --- [main] (system) r$InitializeUserDetailsManagerConfigurer : Global AuthenticationManager configured with UserDetailsService bean with name accountServiceImpl
2025-04-15 02:23:47.879  INFO 10124 --- [main] (system) o.s.b.w.embedded.tomcat.TomcatWebServer  : Tomcat started on port 8080 (http) with context path '/'
2025-04-15 02:23:47.881  INFO 10124 --- [main] (system) o.s.a.r.c.CachingConnectionFactory       : Attempting to connect to: [localhost:5672]
2025-04-15 02:23:47.906  INFO 10124 --- [main] (system) o.s.a.r.c.CachingConnectionFactory       : Created new connection: rabbitConnectionFactory#4b61e97:0/SimpleConnection@40d04cf8 [delegate=amqp://admin@127.0.0.1:5672/, localPort=5005]
2025-04-15 02:23:47.935  INFO 10124 --- [main] (system) c.example.MyProjectBackendApplication    : Started MyProjectBackendApplication in 2.567 seconds (process running for 2.924)
2025-04-15 02:23:51.423  INFO 10124 --- [http-nio-8080-exec-1] (system) o.a.c.c.C.[Tomcat].[localhost].[/]       : Initializing Spring DispatcherServlet 'dispatcherServlet'
2025-04-15 02:23:51.424  INFO 10124 --- [http-nio-8080-exec-1] (system) o.s.web.servlet.DispatcherServlet        : Initializing Servlet 'dispatcherServlet'
2025-04-15 02:23:51.424  INFO 10124 --- [http-nio-8080-exec-1] (system) o.s.web.servlet.DispatcherServlet        : Completed initialization in 0 ms
2025-04-15 02:23:51.687  INFO 10124 --- [http-nio-8080-exec-1] (224676791908962304) com.example.filter.RequestLogFilter      : 请求URL: "/api/user/info" (OPTIONS) | 远程IP地址: 0:0:0:0:0:0:0:1 │ 身份: 未验证 | 请求参数列表: {}
2025-04-15 02:23:51.778  INFO 10124 --- [http-nio-8080-exec-1] (224676791908962304) com.example.filter.RequestLogFilter      : 请求处理耗时: 92ms | 响应结果: {"code":401,"data":null,"id":224676791908962304,"message":"Full authentication is required to access this resource"}
2025-04-15 02:23:51.812  INFO 10124 --- [http-nio-8080-exec-2] (224676792437444608) com.example.filter.RequestLogFilter      : 请求URL: "/api/user/info" (GET) | 远程IP地址: 0:0:0:0:0:0:0:1 │ 身份: 一粟 (UID: 7) | 角色: [ROLE_user] | 请求参数列表: {}
2025-04-15 02:23:51.882  INFO 10124 --- [http-nio-8080-exec-2] (224676792437444608) com.zaxxer.hikari.HikariDataSource       : HikariPool-1 - Starting...
2025-04-15 02:23:52.043  INFO 10124 --- [http-nio-8080-exec-2] (224676792437444608) com.zaxxer.hikari.pool.HikariPool        : HikariPool-1 - Added connection com.mysql.cj.jdbc.ConnectionImpl@4fac9f0b
2025-04-15 02:23:52.044  INFO 10124 --- [http-nio-8080-exec-2] (224676792437444608) com.zaxxer.hikari.HikariDataSource       : HikariPool-1 - Start completed.
2025-04-15 02:23:52.096  INFO 10124 --- [http-nio-8080-exec-2] (224676792437444608) com.example.filter.RequestLogFilter      : 请求处理耗时: 284ms | 响应结果: {"id":224676792437444608,"code":200,"data":{"username":"一粟","email":"Y1Suuu@163.com","role":"user","register_time":"2025-04-11T19:51:17.000+00:00"},"message":"请求成功"}
2025-04-15 02:23:52.138  INFO 10124 --- [http-nio-8080-exec-4] (224676793804787712) com.example.filter.RequestLogFilter      : 请求URL: "/api/user/details" (OPTIONS) | 远程IP地址: 0:0:0:0:0:0:0:1 │ 身份: 未验证 | 请求参数列表: {}
2025-04-15 02:23:52.138  INFO 10124 --- [http-nio-8080-exec-4] (224676793804787712) com.example.filter.RequestLogFilter      : 请求处理耗时: 0ms | 响应结果: {"code":401,"data":null,"id":224676793804787712,"message":"Full authentication is required to access this resource"}
2025-04-15 02:23:52.140  INFO 10124 --- [http-nio-8080-exec-3] (224676793813176320) com.example.filter.RequestLogFilter      : 请求URL: "/api/user/details" (GET) | 远程IP地址: 0:0:0:0:0:0:0:1 │ 身份: 一粟 (UID: 7) | 角色: [ROLE_user] | 请求参数列表: {}
2025-04-15 02:23:52.144  INFO 10124 --- [http-nio-8080-exec-3] (224676793813176320) com.example.filter.RequestLogFilter      : 请求处理耗时: 4ms | 响应结果: {"id":224676793813176320,"code":200,"data":{"gender":0,"phone":"15886430806","qq":"3362187436","wx":"YiSu_i","desc":"你好，我是一西米！"},"message":"请求成功"}
2025-04-15 02:24:10.479  INFO 10124 --- [http-nio-8080-exec-5] (224676870732517376) com.example.filter.RequestLogFilter      : 请求URL: "/api/auth/ask-code" (OPTIONS) | 远程IP地址: 0:0:0:0:0:0:0:1 │ 身份: 未验证 | 请求参数列表: {"email":"YiXiMi2025@163.com","type":"modify"}
2025-04-15 02:24:10.490  INFO 10124 --- [http-nio-8080-exec-5] (224676870732517376) com.example.filter.RequestLogFilter      : 请求处理耗时: 11ms | 响应结果: 
2025-04-15 02:24:10.493  INFO 10124 --- [http-nio-8080-exec-6] (224676870787043328) com.example.filter.RequestLogFilter      : 请求URL: "/api/auth/ask-code" (GET) | 远程IP地址: 0:0:0:0:0:0:0:1 │ 身份: 一粟 (UID: 7) | 角色: [ROLE_user] | 请求参数列表: {"email":"YiXiMi2025@163.com","type":"modify"}
2025-04-15 02:24:10.564  INFO 10124 --- [http-nio-8080-exec-6] (224676870787043328) com.example.filter.RequestLogFilter      : 请求处理耗时: 72ms | 响应结果: {"id":224676870787043328,"code":200,"data":null,"message":"请求成功"}
2025-04-15 02:25:42.824  INFO 10124 --- [http-nio-8080-exec-8] (224677258051325952) com.example.filter.RequestLogFilter      : 请求URL: "/api/auth/ask-code" (OPTIONS) | 远程IP地址: 0:0:0:0:0:0:0:1 │ 身份: 未验证 | 请求参数列表: {"email":"sy15886430806@163.com","type":"modify"}
2025-04-15 02:25:42.824  INFO 10124 --- [http-nio-8080-exec-8] (224677258051325952) com.example.filter.RequestLogFilter      : 请求处理耗时: 1ms | 响应结果: 
2025-04-15 02:25:42.827  INFO 10124 --- [http-nio-8080-exec-9] (224677258068103168) com.example.filter.RequestLogFilter      : 请求URL: "/api/auth/ask-code" (GET) | 远程IP地址: 0:0:0:0:0:0:0:1 │ 身份: 一粟 (UID: 7) | 角色: [ROLE_user] | 请求参数列表: {"email":"sy15886430806@163.com","type":"modify"}
2025-04-15 02:25:42.829  INFO 10124 --- [http-nio-8080-exec-9] (224677258068103168) com.example.filter.RequestLogFilter      : 请求处理耗时: 2ms | 响应结果: {"id":224677258068103168,"code":200,"data":null,"message":"请求成功"}
2025-04-15 02:25:48.007  INFO 10124 --- [http-nio-8080-exec-10] (224677279794597888) com.example.filter.RequestLogFilter      : 请求URL: "/api/user/modify-email" (OPTIONS) | 远程IP地址: 0:0:0:0:0:0:0:1 │ 身份: 未验证 | 请求参数列表: {}
2025-04-15 02:25:48.008  INFO 10124 --- [http-nio-8080-exec-10] (224677279794597888) com.example.filter.RequestLogFilter      : 请求处理耗时: 1ms | 响应结果: {"code":401,"data":null,"id":224677279794597888,"message":"Full authentication is required to access this resource"}
2025-04-15 02:25:48.010  INFO 10124 --- [http-nio-8080-exec-1] (224677279807180800) com.example.filter.RequestLogFilter      : 请求URL: "/api/user/modify-email" (POST) | 远程IP地址: 0:0:0:0:0:0:0:1 │ 身份: 一粟 (UID: 7) | 角色: [ROLE_user] | 请求参数列表: {}
2025-04-15 02:25:48.065  INFO 10124 --- [http-nio-8080-exec-1] (224677279807180800) com.example.filter.RequestLogFilter      : 请求处理耗时: 55ms | 响应结果: {"id":224677279807180800,"code":200,"data":null,"message":"请求成功"}
2025-04-15 02:26:14.360  INFO 10124 --- [http-nio-8080-exec-2] (224677390327091200) com.example.filter.RequestLogFilter      : 请求URL: "/api/auth/logout" (OPTIONS) | 远程IP地址: 0:0:0:0:0:0:0:1 │ 身份: 未验证 | 请求参数列表: {}
2025-04-15 02:26:14.361  INFO 10124 --- [http-nio-8080-exec-2] (224677390327091200) com.example.filter.RequestLogFilter      : 请求处理耗时: 1ms | 响应结果: 
2025-04-15 02:26:23.169  INFO 10124 --- [http-nio-8080-exec-3] (224677427274715136) com.example.filter.RequestLogFilter      : 请求URL: "/api/auth/login" (POST) | 远程IP地址: 0:0:0:0:0:0:0:1 │ 身份: 未验证 | 请求参数列表: {"username":"sy15886430806@163.com","password":"123456"}
2025-04-15 02:26:23.323  INFO 10124 --- [http-nio-8080-exec-3] (224677427274715136) com.example.filter.RequestLogFilter      : 请求处理耗时: 154ms | 响应结果: {"code":200,"data":{"expire":"2025-04-18 02:26:23.318","role":"user","token":"eyJ0eXAiOiJKV1QiLCJhbGciOiJIUzI1NiJ9.eyJuYW1lIjoi5LiA57KfIiwiaWQiOjcsImV4cCI6MTc0NDkxNDM4MywiaWF0IjoxNzQ0NjU1MTgzLCJqdGkiOiI2YjNiZjUwNC0zNjE2LTRkNWUtODVhOC01NThiM2I4MGY1N2EiLCJhdXRob3JpdGllcyI6WyJST0xFX3VzZXIiXX0.Yb_9s8a_h1F0e2DQnRl-8bRymzW8SLB5lZqcRL6O5ow","username":"一粟"},"id":224677427274715136,"message":"请求成功"}
2025-04-15 02:26:23.371  INFO 10124 --- [http-nio-8080-exec-5] (224677428121964544) com.example.filter.RequestLogFilter      : 请求URL: "/api/user/info" (OPTIONS) | 远程IP地址: 0:0:0:0:0:0:0:1 │ 身份: 未验证 | 请求参数列表: {}
2025-04-15 02:26:23.372  INFO 10124 --- [http-nio-8080-exec-5] (224677428121964544) com.example.filter.RequestLogFilter      : 请求处理耗时: 1ms | 响应结果: {"code":401,"data":null,"id":224677428121964544,"message":"Full authentication is required to access this resource"}
2025-04-15 02:26:23.377  INFO 10124 --- [http-nio-8080-exec-6] (224677428147130368) com.example.filter.RequestLogFilter      : 请求URL: "/api/user/info" (GET) | 远程IP地址: 0:0:0:0:0:0:0:1 │ 身份: 一粟 (UID: 7) | 角色: [ROLE_user] | 请求参数列表: {}
2025-04-15 02:26:23.380  INFO 10124 --- [http-nio-8080-exec-6] (224677428147130368) com.example.filter.RequestLogFilter      : 请求处理耗时: 3ms | 响应结果: {"id":224677428147130368,"code":200,"data":{"username":"一粟","email":"sy15886430806@163.com","role":"user","register_time":"2025-04-11T19:51:17.000+00:00"},"message":"请求成功"}
2025-04-15 02:26:27.985  INFO 10124 --- [http-nio-8080-exec-7] (224677447474483200) com.example.filter.RequestLogFilter      : 请求URL: "/api/auth/logout" (OPTIONS) | 远程IP地址: 0:0:0:0:0:0:0:1 │ 身份: 未验证 | 请求参数列表: {}
2025-04-15 02:26:27.986  INFO 10124 --- [http-nio-8080-exec-7] (224677447474483200) com.example.filter.RequestLogFilter      : 请求处理耗时: 0ms | 响应结果: 
2025-04-15 02:26:30.370  INFO 10124 --- [http-nio-8080-exec-9] (224677457477898240) com.example.filter.RequestLogFilter      : 请求URL: "/api/auth/login" (POST) | 远程IP地址: 0:0:0:0:0:0:0:1 │ 身份: 未验证 | 请求参数列表: {"username":"sy15886430806@163.com","password":"123456"}
2025-04-15 02:26:30.442  INFO 10124 --- [http-nio-8080-exec-9] (224677457477898240) com.example.filter.RequestLogFilter      : 请求处理耗时: 72ms | 响应结果: {"code":403,"data":null,"id":224677457477898240,"message":"登录验证频繁，请稍后再试"}
2025-04-15 02:26:32.377  INFO 10124 --- [http-nio-8080-exec-10] (224677465895866368) com.example.filter.RequestLogFilter      : 请求URL: "/api/auth/login" (POST) | 远程IP地址: 0:0:0:0:0:0:0:1 │ 身份: 未验证 | 请求参数列表: {"username":"sy15886430806@163.com","password":"123456"}
2025-04-15 02:26:32.458  INFO 10124 --- [http-nio-8080-exec-10] (224677465895866368) com.example.filter.RequestLogFilter      : 请求处理耗时: 81ms | 响应结果: {"code":403,"data":null,"id":224677465895866368,"message":"登录验证频繁，请稍后再试"}
2025-04-15 02:26:33.872  INFO 10124 --- [http-nio-8080-exec-1] (224677472166350848) com.example.filter.RequestLogFilter      : 请求URL: "/api/auth/login" (POST) | 远程IP地址: 0:0:0:0:0:0:0:1 │ 身份: 未验证 | 请求参数列表: {"username":"sy15886430806@163.com","password":"123456"}
2025-04-15 02:26:33.944  INFO 10124 --- [http-nio-8080-exec-1] (224677472166350848) com.example.filter.RequestLogFilter      : 请求处理耗时: 72ms | 响应结果: {"code":200,"data":{"expire":"2025-04-18 02:26:33.944","role":"user","token":"eyJ0eXAiOiJKV1QiLCJhbGciOiJIUzI1NiJ9.eyJuYW1lIjoi5LiA57KfIiwiaWQiOjcsImV4cCI6MTc0NDkxNDM5MywiaWF0IjoxNzQ0NjU1MTkzLCJqdGkiOiIwYmE4MTVmNS0yZWVmLTQxZDgtYThlNi1mNjhiNTYxZmEwNTYiLCJhdXRob3JpdGllcyI6WyJST0xFX3VzZXIiXX0.9kDyISSCcJI_kuIwDb7VVSHI2xn5DFr-bFVgDhZU0a0","username":"一粟"},"id":224677472166350848,"message":"请求成功"}
2025-04-15 02:26:33.961  INFO 10124 --- [http-nio-8080-exec-2] (224677472539643904) com.example.filter.RequestLogFilter      : 请求URL: "/api/user/info" (OPTIONS) | 远程IP地址: 0:0:0:0:0:0:0:1 │ 身份: 未验证 | 请求参数列表: {}
2025-04-15 02:26:33.961  INFO 10124 --- [http-nio-8080-exec-2] (224677472539643904) com.example.filter.RequestLogFilter      : 请求处理耗时: 0ms | 响应结果: {"code":401,"data":null,"id":224677472539643904,"message":"Full authentication is required to access this resource"}
2025-04-15 02:26:33.964  INFO 10124 --- [http-nio-8080-exec-4] (224677472552226816) com.example.filter.RequestLogFilter      : 请求URL: "/api/user/info" (GET) | 远程IP地址: 0:0:0:0:0:0:0:1 │ 身份: 一粟 (UID: 7) | 角色: [ROLE_user] | 请求参数列表: {}
2025-04-15 02:26:33.966  INFO 10124 --- [http-nio-8080-exec-4] (224677472552226816) com.example.filter.RequestLogFilter      : 请求处理耗时: 2ms | 响应结果: {"id":224677472552226816,"code":200,"data":{"username":"一粟","email":"sy15886430806@163.com","role":"user","register_time":"2025-04-11T19:51:17.000+00:00"},"message":"请求成功"}
2025-04-15 02:26:36.785  INFO 10124 --- [http-nio-8080-exec-3] (224677484384358400) com.example.filter.RequestLogFilter      : 请求URL: "/api/user/details" (OPTIONS) | 远程IP地址: 0:0:0:0:0:0:0:1 │ 身份: 未验证 | 请求参数列表: {}
2025-04-15 02:26:36.786  INFO 10124 --- [http-nio-8080-exec-3] (224677484384358400) com.example.filter.RequestLogFilter      : 请求处理耗时: 1ms | 响应结果: {"code":401,"data":null,"id":224677484384358400,"message":"Full authentication is required to access this resource"}
2025-04-15 02:26:36.789  INFO 10124 --- [http-nio-8080-exec-5] (224677484401135616) com.example.filter.RequestLogFilter      : 请求URL: "/api/user/details" (GET) | 远程IP地址: 0:0:0:0:0:0:0:1 │ 身份: 一粟 (UID: 7) | 角色: [ROLE_user] | 请求参数列表: {}
2025-04-15 02:26:36.792  INFO 10124 --- [http-nio-8080-exec-5] (224677484401135616) com.example.filter.RequestLogFilter      : 请求处理耗时: 3ms | 响应结果: {"id":224677484401135616,"code":200,"data":{"gender":0,"phone":"15886430806","qq":"3362187436","wx":"YiSu_i","desc":"你好，我是一西米！"},"message":"请求成功"}
2025-04-15 02:26:53.722  INFO 10124 --- [http-nio-8080-exec-6] (224677555423285248) com.example.filter.RequestLogFilter      : 请求URL: "/api/auth/ask-code" (OPTIONS) | 远程IP地址: 0:0:0:0:0:0:0:1 │ 身份: 未验证 | 请求参数列表: {"email":"y1suuu@163.com","type":"modify"}
2025-04-15 02:26:53.723  INFO 10124 --- [http-nio-8080-exec-6] (224677555423285248) com.example.filter.RequestLogFilter      : 请求处理耗时: 1ms | 响应结果: 
2025-04-15 02:26:53.725  INFO 10124 --- [http-nio-8080-exec-7] (224677555435868160) com.example.filter.RequestLogFilter      : 请求URL: "/api/auth/ask-code" (GET) | 远程IP地址: 0:0:0:0:0:0:0:1 │ 身份: 一粟 (UID: 7) | 角色: [ROLE_user] | 请求参数列表: {"email":"y1suuu@163.com","type":"modify"}
2025-04-15 02:26:53.728  INFO 10124 --- [http-nio-8080-exec-7] (224677555435868160) com.example.filter.RequestLogFilter      : 请求处理耗时: 3ms | 响应结果: {"id":224677555435868160,"code":200,"data":null,"message":"请求成功"}
2025-04-15 02:27:01.252  INFO 10124 --- [http-nio-8080-exec-8] (224677587006394368) com.example.filter.RequestLogFilter      : 请求URL: "/api/user/modify-email" (OPTIONS) | 远程IP地址: 0:0:0:0:0:0:0:1 │ 身份: 未验证 | 请求参数列表: {}
2025-04-15 02:27:01.253  INFO 10124 --- [http-nio-8080-exec-8] (224677587006394368) com.example.filter.RequestLogFilter      : 请求处理耗时: 1ms | 响应结果: {"code":401,"data":null,"id":224677587006394368,"message":"Full authentication is required to access this resource"}
2025-04-15 02:27:01.255  INFO 10124 --- [http-nio-8080-exec-9] (224677587018977280) com.example.filter.RequestLogFilter      : 请求URL: "/api/user/modify-email" (POST) | 远程IP地址: 0:0:0:0:0:0:0:1 │ 身份: 一粟 (UID: 7) | 角色: [ROLE_user] | 请求参数列表: {}
2025-04-15 02:27:01.268  INFO 10124 --- [http-nio-8080-exec-9] (224677587018977280) com.example.filter.RequestLogFilter      : 请求处理耗时: 13ms | 响应结果: {"id":224677587018977280,"code":200,"data":null,"message":"请求成功"}
2025-04-15 02:27:10.719  INFO 10124 --- [http-nio-8080-exec-10] (224677626713870336) com.example.filter.RequestLogFilter      : 请求URL: "/api/user/save-details" (OPTIONS) | 远程IP地址: 0:0:0:0:0:0:0:1 │ 身份: 未验证 | 请求参数列表: {}
2025-04-15 02:27:10.719  INFO 10124 --- [http-nio-8080-exec-10] (224677626713870336) com.example.filter.RequestLogFilter      : 请求处理耗时: 0ms | 响应结果: {"code":401,"data":null,"id":224677626713870336,"message":"Full authentication is required to access this resource"}
2025-04-15 02:27:10.722  INFO 10124 --- [http-nio-8080-exec-1] (224677626726453248) com.example.filter.RequestLogFilter      : 请求URL: "/api/user/save-details" (POST) | 远程IP地址: 0:0:0:0:0:0:0:1 │ 身份: 一粟 (UID: 7) | 角色: [ROLE_user] | 请求参数列表: {}
2025-04-15 02:27:10.750  INFO 10124 --- [http-nio-8080-exec-1] (224677626726453248) com.example.filter.RequestLogFilter      : 请求处理耗时: 28ms | 响应结果: {"id":224677626726453248,"code":200,"data":null,"message":"请求成功"}
