2025-04-16 21:01:33.260  INFO 17636 --- [main] (system) c.example.MyProjectBackendApplication    : Starting MyProjectBackendApplication using Java 17.0.12 with PID 17636 (C:\Users\SUYU\Desktop\my-project\my-project-backend\target\classes started by SUYU in C:\Users\SUYU\Desktop\my-project)
2025-04-16 21:01:33.262  INFO 17636 --- [main] (system) c.example.MyProjectBackendApplication    : The following 1 profile is active: "dev"
2025-04-16 21:01:34.308  INFO 17636 --- [main] (system) .s.d.r.c.RepositoryConfigurationDelegate : Multiple Spring Data modules found, entering strict repository configuration mode
2025-04-16 21:01:34.313  INFO 17636 --- [main] (system) .s.d.r.c.RepositoryConfigurationDelegate : Bootstrapping Spring Data Redis repositories in DEFAULT mode.
2025-04-16 21:01:34.354  INFO 17636 --- [main] (system) .s.d.r.c.RepositoryConfigurationDelegate : Finished Spring Data repository scanning in 13 ms. Found 0 Redis repository interfaces.
2025-04-16 21:01:34.982  INFO 17636 --- [main] (system) o.s.b.w.embedded.tomcat.TomcatWebServer  : Tomcat initialized with port 8080 (http)
2025-04-16 21:01:34.993  INFO 17636 --- [main] (system) o.apache.catalina.core.StandardService   : Starting service [Tomcat]
2025-04-16 21:01:34.993  INFO 17636 --- [main] (system) o.apache.catalina.core.StandardEngine    : Starting Servlet engine: [Apache Tomcat/10.1.39]
2025-04-16 21:01:35.029  INFO 17636 --- [main] (system) o.a.c.c.C.[Tomcat].[localhost].[/]       : Initializing Spring embedded WebApplicationContext
2025-04-16 21:01:35.029  INFO 17636 --- [main] (system) w.s.c.ServletWebServerApplicationContext : Root WebApplicationContext: initialization completed in 1738 ms
2025-04-16 21:01:36.094  INFO 17636 --- [main] (system) r$InitializeUserDetailsManagerConfigurer : Global AuthenticationManager configured with UserDetailsService bean with name accountServiceImpl
2025-04-16 21:01:36.563  INFO 17636 --- [main] (system) o.s.b.w.embedded.tomcat.TomcatWebServer  : Tomcat started on port 8080 (http) with context path '/'
2025-04-16 21:01:36.565  INFO 17636 --- [main] (system) o.s.a.r.c.CachingConnectionFactory       : Attempting to connect to: [localhost:5672]
2025-04-16 21:01:36.600  INFO 17636 --- [main] (system) o.s.a.r.c.CachingConnectionFactory       : Created new connection: rabbitConnectionFactory#248b2b61:0/SimpleConnection@31de8099 [delegate=amqp://admin@127.0.0.1:5672/, localPort=9578]
2025-04-16 21:01:36.648  INFO 17636 --- [main] (system) c.example.MyProjectBackendApplication    : Started MyProjectBackendApplication in 3.927 seconds (process running for 4.376)
2025-04-16 21:01:43.941  INFO 17636 --- [http-nio-8080-exec-1] (system) o.a.c.c.C.[Tomcat].[localhost].[/]       : Initializing Spring DispatcherServlet 'dispatcherServlet'
2025-04-16 21:01:43.941  INFO 17636 --- [http-nio-8080-exec-1] (system) o.s.web.servlet.DispatcherServlet        : Initializing Servlet 'dispatcherServlet'
2025-04-16 21:01:43.941  INFO 17636 --- [http-nio-8080-exec-1] (system) o.s.web.servlet.DispatcherServlet        : Completed initialization in 0 ms
2025-04-16 21:01:44.230  INFO 17636 --- [http-nio-8080-exec-1] (225320502409957376) com.example.filter.RequestLogFilter      : 请求URL: "/api/user/info" (OPTIONS) | 远程IP地址: 0:0:0:0:0:0:0:1 │ 身份: 未验证 | 请求参数列表: {}
2025-04-16 21:01:44.326  INFO 17636 --- [http-nio-8080-exec-1] (225320502409957376) com.example.filter.RequestLogFilter      : 请求处理耗时: 97ms | 响应结果: {"code":401,"data":null,"id":225320502409957376,"message":"Full authentication is required to access this resource"}
2025-04-16 21:01:44.355  INFO 17636 --- [http-nio-8080-exec-3] (225320502938439680) com.example.filter.RequestLogFilter      : 请求URL: "/api/user/info" (GET) | 远程IP地址: 0:0:0:0:0:0:0:1 │ 身份: 一粟 (UID: 7) | 角色: [ROLE_user] | 请求参数列表: {}
2025-04-16 21:01:44.424  INFO 17636 --- [http-nio-8080-exec-3] (225320502938439680) com.zaxxer.hikari.HikariDataSource       : HikariPool-1 - Starting...
2025-04-16 21:01:44.632  INFO 17636 --- [http-nio-8080-exec-3] (225320502938439680) com.zaxxer.hikari.pool.HikariPool        : HikariPool-1 - Added connection com.mysql.cj.jdbc.ConnectionImpl@38da926c
2025-04-16 21:01:44.633  INFO 17636 --- [http-nio-8080-exec-3] (225320502938439680) com.zaxxer.hikari.HikariDataSource       : HikariPool-1 - Start completed.
2025-04-16 21:01:44.710  INFO 17636 --- [http-nio-8080-exec-3] (225320502938439680) com.example.filter.RequestLogFilter      : 请求处理耗时: 355ms | 响应结果: {"id":225320502938439680,"code":200,"data":{"username":"一粟","email":"y1suuu@163.com","role":"user","register_time":"2025-04-11T19:51:17.000+00:00"},"message":"请求成功"}
2025-04-16 21:01:55.550  INFO 17636 --- [http-nio-8080-exec-2] (225320549893672960) com.example.filter.RequestLogFilter      : 请求URL: "/api/user/info" (OPTIONS) | 远程IP地址: 0:0:0:0:0:0:0:1 │ 身份: 未验证 | 请求参数列表: {}
2025-04-16 21:01:55.551  INFO 17636 --- [http-nio-8080-exec-2] (225320549893672960) com.example.filter.RequestLogFilter      : 请求处理耗时: 1ms | 响应结果: {"code":401,"data":null,"id":225320549893672960,"message":"Full authentication is required to access this resource"}
2025-04-16 21:01:55.554  INFO 17636 --- [http-nio-8080-exec-4] (225320549910450176) com.example.filter.RequestLogFilter      : 请求URL: "/api/user/info" (GET) | 远程IP地址: 0:0:0:0:0:0:0:1 │ 身份: 一粟 (UID: 7) | 角色: [ROLE_user] | 请求参数列表: {}
2025-04-16 21:01:55.558  INFO 17636 --- [http-nio-8080-exec-4] (225320549910450176) com.example.filter.RequestLogFilter      : 请求处理耗时: 4ms | 响应结果: {"id":225320549910450176,"code":200,"data":{"username":"一粟","email":"y1suuu@163.com","role":"user","register_time":"2025-04-11T19:51:17.000+00:00"},"message":"请求成功"}
2025-04-16 21:01:57.950  INFO 17636 --- [http-nio-8080-exec-5] (225320559960002560) com.example.filter.RequestLogFilter      : 请求URL: "/api/user/details" (OPTIONS) | 远程IP地址: 0:0:0:0:0:0:0:1 │ 身份: 未验证 | 请求参数列表: {}
2025-04-16 21:01:57.950  INFO 17636 --- [http-nio-8080-exec-5] (225320559960002560) com.example.filter.RequestLogFilter      : 请求处理耗时: 0ms | 响应结果: {"code":401,"data":null,"id":225320559960002560,"message":"Full authentication is required to access this resource"}
2025-04-16 21:01:57.953  INFO 17636 --- [http-nio-8080-exec-6] (225320559972585472) com.example.filter.RequestLogFilter      : 请求URL: "/api/user/details" (GET) | 远程IP地址: 0:0:0:0:0:0:0:1 │ 身份: 一粟 (UID: 7) | 角色: [ROLE_user] | 请求参数列表: {}
2025-04-16 21:01:57.958  INFO 17636 --- [http-nio-8080-exec-6] (225320559972585472) com.example.filter.RequestLogFilter      : 请求处理耗时: 5ms | 响应结果: {"id":225320559972585472,"code":200,"data":{"gender":0,"phone":"15886430806","qq":"3362187436","wx":"YiSu_i","desc":"你好，我是一西米！"},"message":"请求成功"}
2025-04-16 21:02:41.887  INFO 17636 --- [http-nio-8080-exec-7] (225320744245137408) com.example.filter.RequestLogFilter      : 请求URL: "/api/auth/ask-code" (OPTIONS) | 远程IP地址: 0:0:0:0:0:0:0:1 │ 身份: 未验证 | 请求参数列表: {"email":"y1suuu@163.com","type":"modify"}
2025-04-16 21:02:41.901  INFO 17636 --- [http-nio-8080-exec-7] (225320744245137408) com.example.filter.RequestLogFilter      : 请求处理耗时: 14ms | 响应结果: 
2025-04-16 21:02:41.904  INFO 17636 --- [http-nio-8080-exec-9] (225320744316440576) com.example.filter.RequestLogFilter      : 请求URL: "/api/auth/ask-code" (GET) | 远程IP地址: 0:0:0:0:0:0:0:1 │ 身份: 一粟 (UID: 7) | 角色: [ROLE_user] | 请求参数列表: {"email":"y1suuu@163.com","type":"modify"}
2025-04-16 21:02:41.956  INFO 17636 --- [http-nio-8080-exec-9] (225320744316440576) com.example.filter.RequestLogFilter      : 请求处理耗时: 52ms | 响应结果: {"id":225320744316440576,"code":200,"data":null,"message":"请求成功"}
2025-04-16 21:03:07.075  INFO 17636 --- [http-nio-8080-exec-10] (225320849891266560) com.example.filter.RequestLogFilter      : 请求URL: "/api/user/info" (OPTIONS) | 远程IP地址: 0:0:0:0:0:0:0:1 │ 身份: 未验证 | 请求参数列表: {}
2025-04-16 21:03:07.076  INFO 17636 --- [http-nio-8080-exec-10] (225320849891266560) com.example.filter.RequestLogFilter      : 请求处理耗时: 1ms | 响应结果: {"code":401,"data":null,"id":225320849891266560,"message":"Full authentication is required to access this resource"}
2025-04-16 21:03:07.079  INFO 17636 --- [http-nio-8080-exec-1] (225320849908043776) com.example.filter.RequestLogFilter      : 请求URL: "/api/user/info" (GET) | 远程IP地址: 0:0:0:0:0:0:0:1 │ 身份: 一粟 (UID: 7) | 角色: [ROLE_user] | 请求参数列表: {}
2025-04-16 21:03:07.083  INFO 17636 --- [http-nio-8080-exec-1] (225320849908043776) com.example.filter.RequestLogFilter      : 请求处理耗时: 4ms | 响应结果: {"id":225320849908043776,"code":200,"data":{"username":"一粟","email":"y1suuu@163.com","role":"user","register_time":"2025-04-11T19:51:17.000+00:00"},"message":"请求成功"}
2025-04-16 21:03:07.112  INFO 17636 --- [http-nio-8080-exec-3] (225320850046455808) com.example.filter.RequestLogFilter      : 请求URL: "/api/user/details" (OPTIONS) | 远程IP地址: 0:0:0:0:0:0:0:1 │ 身份: 未验证 | 请求参数列表: {}
2025-04-16 21:03:07.113  INFO 17636 --- [http-nio-8080-exec-3] (225320850046455808) com.example.filter.RequestLogFilter      : 请求处理耗时: 1ms | 响应结果: {"code":401,"data":null,"id":225320850046455808,"message":"Full authentication is required to access this resource"}
2025-04-16 21:03:07.114  INFO 17636 --- [http-nio-8080-exec-2] (225320850054844416) com.example.filter.RequestLogFilter      : 请求URL: "/api/user/details" (GET) | 远程IP地址: 0:0:0:0:0:0:0:1 │ 身份: 一粟 (UID: 7) | 角色: [ROLE_user] | 请求参数列表: {}
2025-04-16 21:03:07.116  INFO 17636 --- [http-nio-8080-exec-2] (225320850054844416) com.example.filter.RequestLogFilter      : 请求处理耗时: 2ms | 响应结果: {"id":225320850054844416,"code":200,"data":{"gender":0,"phone":"15886430806","qq":"3362187436","wx":"YiSu_i","desc":"你好，我是一西米！"},"message":"请求成功"}
2025-04-16 21:03:13.833  INFO 17636 --- [http-nio-8080-exec-4] (225320878236372992) com.example.filter.RequestLogFilter      : 请求URL: "/api/auth/logout" (OPTIONS) | 远程IP地址: 0:0:0:0:0:0:0:1 │ 身份: 未验证 | 请求参数列表: {}
2025-04-16 21:03:13.834  INFO 17636 --- [http-nio-8080-exec-4] (225320878236372992) com.example.filter.RequestLogFilter      : 请求处理耗时: 1ms | 响应结果: 
2025-04-16 21:03:21.864  INFO 17636 --- [http-nio-8080-exec-6] (225320911916634112) com.example.filter.RequestLogFilter      : 请求URL: "/api/auth/login" (POST) | 远程IP地址: 0:0:0:0:0:0:0:1 │ 身份: 未验证 | 请求参数列表: {"username":"sy15886430806@163.co","password":"123456"}
2025-04-16 21:03:22.013  INFO 17636 --- [http-nio-8080-exec-6] (225320911916634112) com.example.filter.RequestLogFilter      : 请求处理耗时: 150ms | 响应结果: {"code":401,"data":null,"id":225320911916634112,"message":"用户名或密码错误"}
2025-04-16 21:03:35.981  INFO 17636 --- [http-nio-8080-exec-8] (225320971131817984) com.example.filter.RequestLogFilter      : 请求URL: "/api/auth/login" (POST) | 远程IP地址: 0:0:0:0:0:0:0:1 │ 身份: 未验证 | 请求参数列表: {"username":"sy15886430806@163.com","password":"123456"}
2025-04-16 21:03:36.045  INFO 17636 --- [http-nio-8080-exec-8] (225320971131817984) com.example.filter.RequestLogFilter      : 请求处理耗时: 64ms | 响应结果: {"code":401,"data":null,"id":225320971131817984,"message":"用户名或密码错误"}
2025-04-16 21:03:44.988  INFO 17636 --- [http-nio-8080-exec-7] (225321008909914112) com.example.filter.RequestLogFilter      : 请求URL: "/api/auth/login" (POST) | 远程IP地址: 0:0:0:0:0:0:0:1 │ 身份: 未验证 | 请求参数列表: {"username":"Y1Suuu@163.com","password":"123456"}
2025-04-16 21:03:45.083  INFO 17636 --- [http-nio-8080-exec-7] (225321008909914112) com.example.filter.RequestLogFilter      : 请求处理耗时: 95ms | 响应结果: {"code":200,"data":{"expire":"2025-04-19 21:03:45.076","role":"user","token":"eyJ0eXAiOiJKV1QiLCJhbGciOiJIUzI1NiJ9.eyJuYW1lIjoi5LiA57KfIiwiaWQiOjcsImV4cCI6MTc0NTA2NzgyNSwiaWF0IjoxNzQ0ODA4NjI1LCJqdGkiOiJlODQyZDQwZS1jMjhmLTQxMmMtOWU3MC1jOWU3MDQ4MmIzYzMiLCJhdXRob3JpdGllcyI6WyJST0xFX3VzZXIiXX0.1TQ4cnCeyxBwUkgoQOpODITecElc-alk_eeJXmqc3LQ","username":"一粟"},"id":225321008909914112,"message":"请求成功"}
2025-04-16 21:03:45.124  INFO 17636 --- [http-nio-8080-exec-9] (225321009480339456) com.example.filter.RequestLogFilter      : 请求URL: "/api/user/info" (OPTIONS) | 远程IP地址: 0:0:0:0:0:0:0:1 │ 身份: 未验证 | 请求参数列表: {}
2025-04-16 21:03:45.125  INFO 17636 --- [http-nio-8080-exec-9] (225321009480339456) com.example.filter.RequestLogFilter      : 请求处理耗时: 1ms | 响应结果: {"code":401,"data":null,"id":225321009480339456,"message":"Full authentication is required to access this resource"}
2025-04-16 21:03:45.128  INFO 17636 --- [http-nio-8080-exec-10] (225321009497116672) com.example.filter.RequestLogFilter      : 请求URL: "/api/user/info" (GET) | 远程IP地址: 0:0:0:0:0:0:0:1 │ 身份: 一粟 (UID: 7) | 角色: [ROLE_user] | 请求参数列表: {}
2025-04-16 21:03:45.131  INFO 17636 --- [http-nio-8080-exec-10] (225321009497116672) com.example.filter.RequestLogFilter      : 请求处理耗时: 3ms | 响应结果: {"id":225321009497116672,"code":200,"data":{"username":"一粟","email":"y1suuu@163.com","role":"user","register_time":"2025-04-11T19:51:17.000+00:00"},"message":"请求成功"}
2025-04-16 21:03:47.109  INFO 17636 --- [http-nio-8080-exec-1] (225321017806032896) com.example.filter.RequestLogFilter      : 请求URL: "/api/user/details" (OPTIONS) | 远程IP地址: 0:0:0:0:0:0:0:1 │ 身份: 未验证 | 请求参数列表: {}
2025-04-16 21:03:47.109  INFO 17636 --- [http-nio-8080-exec-1] (225321017806032896) com.example.filter.RequestLogFilter      : 请求处理耗时: 0ms | 响应结果: {"code":401,"data":null,"id":225321017806032896,"message":"Full authentication is required to access this resource"}
2025-04-16 21:03:47.115  INFO 17636 --- [http-nio-8080-exec-3] (225321017831198720) com.example.filter.RequestLogFilter      : 请求URL: "/api/user/details" (GET) | 远程IP地址: 0:0:0:0:0:0:0:1 │ 身份: 一粟 (UID: 7) | 角色: [ROLE_user] | 请求参数列表: {}
2025-04-16 21:03:47.117  INFO 17636 --- [http-nio-8080-exec-3] (225321017831198720) com.example.filter.RequestLogFilter      : 请求处理耗时: 2ms | 响应结果: {"id":225321017831198720,"code":200,"data":{"gender":0,"phone":"15886430806","qq":"3362187436","wx":"YiSu_i","desc":"你好，我是一西米！"},"message":"请求成功"}
2025-04-16 21:04:37.756  INFO 17636 --- [http-nio-8080-exec-2] (225321230234947584) com.example.filter.RequestLogFilter      : 请求URL: "/api/auth/logout" (OPTIONS) | 远程IP地址: 0:0:0:0:0:0:0:1 │ 身份: 未验证 | 请求参数列表: {}
2025-04-16 21:04:37.757  INFO 17636 --- [http-nio-8080-exec-2] (225321230234947584) com.example.filter.RequestLogFilter      : 请求处理耗时: 1ms | 响应结果: 
2025-04-16 21:06:50.528  INFO 17636 --- [http-nio-8080-exec-6] (225321787121078272) com.example.filter.RequestLogFilter      : 请求URL: "/api/auth/login" (POST) | 远程IP地址: 0:0:0:0:0:0:0:1 │ 身份: 未验证 | 请求参数列表: {"username":"Y1Suuu@163.com","password":"123456"}
2025-04-16 21:06:50.607  INFO 17636 --- [http-nio-8080-exec-6] (225321787121078272) com.example.filter.RequestLogFilter      : 请求处理耗时: 79ms | 响应结果: {"code":200,"data":{"expire":"2025-04-19 21:06:50.607","role":"user","token":"eyJ0eXAiOiJKV1QiLCJhbGciOiJIUzI1NiJ9.eyJuYW1lIjoi5LiA57KfIiwiaWQiOjcsImV4cCI6MTc0NTA2ODAxMCwiaWF0IjoxNzQ0ODA4ODEwLCJqdGkiOiJhZWNkZjliMS1jODU1LTRhMzAtOTE2MC0xYjMyNTgwNWI4YzYiLCJhdXRob3JpdGllcyI6WyJST0xFX3VzZXIiXX0.PCnA0XoQvsVAG96VfM_zAxh2UBwXFJlvyDB1kP1IPdQ","username":"一粟"},"id":225321787121078272,"message":"请求成功"}
2025-04-16 21:06:50.642  INFO 17636 --- [http-nio-8080-exec-8] (225321787599228928) com.example.filter.RequestLogFilter      : 请求URL: "/api/user/info" (OPTIONS) | 远程IP地址: 0:0:0:0:0:0:0:1 │ 身份: 未验证 | 请求参数列表: {}
2025-04-16 21:06:50.643  INFO 17636 --- [http-nio-8080-exec-8] (225321787599228928) com.example.filter.RequestLogFilter      : 请求处理耗时: 1ms | 响应结果: {"code":401,"data":null,"id":225321787599228928,"message":"Full authentication is required to access this resource"}
2025-04-16 21:06:50.645  INFO 17636 --- [http-nio-8080-exec-7] (225321787611811840) com.example.filter.RequestLogFilter      : 请求URL: "/api/user/info" (GET) | 远程IP地址: 0:0:0:0:0:0:0:1 │ 身份: 一粟 (UID: 7) | 角色: [ROLE_user] | 请求参数列表: {}
2025-04-16 21:06:50.647  INFO 17636 --- [http-nio-8080-exec-7] (225321787611811840) com.example.filter.RequestLogFilter      : 请求处理耗时: 2ms | 响应结果: {"id":225321787611811840,"code":200,"data":{"username":"一粟","email":"y1suuu@163.com","role":"user","register_time":"2025-04-11T19:51:17.000+00:00"},"message":"请求成功"}
2025-04-16 21:06:52.392  INFO 17636 --- [http-nio-8080-exec-9] (225321794939260928) com.example.filter.RequestLogFilter      : 请求URL: "/api/user/details" (OPTIONS) | 远程IP地址: 0:0:0:0:0:0:0:1 │ 身份: 未验证 | 请求参数列表: {}
2025-04-16 21:06:52.392  INFO 17636 --- [http-nio-8080-exec-9] (225321794939260928) com.example.filter.RequestLogFilter      : 请求处理耗时: 0ms | 响应结果: {"code":401,"data":null,"id":225321794939260928,"message":"Full authentication is required to access this resource"}
2025-04-16 21:06:52.395  INFO 17636 --- [http-nio-8080-exec-10] (225321794951843840) com.example.filter.RequestLogFilter      : 请求URL: "/api/user/details" (GET) | 远程IP地址: 0:0:0:0:0:0:0:1 │ 身份: 一粟 (UID: 7) | 角色: [ROLE_user] | 请求参数列表: {}
2025-04-16 21:06:52.397  INFO 17636 --- [http-nio-8080-exec-10] (225321794951843840) com.example.filter.RequestLogFilter      : 请求处理耗时: 2ms | 响应结果: {"id":225321794951843840,"code":200,"data":{"gender":0,"phone":"15886430806","qq":"3362187436","wx":"YiSu_i","desc":"你好，我是一西米！"},"message":"请求成功"}
2025-04-16 21:12:14.469  INFO 17636 --- [http-nio-8080-exec-3] (225323145828110336) com.example.filter.RequestLogFilter      : 请求URL: "/api/user/info" (OPTIONS) | 远程IP地址: 0:0:0:0:0:0:0:1 │ 身份: 未验证 | 请求参数列表: {}
2025-04-16 21:12:14.470  INFO 17636 --- [http-nio-8080-exec-3] (225323145828110336) com.example.filter.RequestLogFilter      : 请求处理耗时: 1ms | 响应结果: {"code":401,"data":null,"id":225323145828110336,"message":"Full authentication is required to access this resource"}
2025-04-16 21:12:14.474  INFO 17636 --- [http-nio-8080-exec-2] (225323145849081856) com.example.filter.RequestLogFilter      : 请求URL: "/api/user/info" (GET) | 远程IP地址: 0:0:0:0:0:0:0:1 │ 身份: 一粟 (UID: 7) | 角色: [ROLE_user] | 请求参数列表: {}
2025-04-16 21:12:14.477  INFO 17636 --- [http-nio-8080-exec-2] (225323145849081856) com.example.filter.RequestLogFilter      : 请求处理耗时: 3ms | 响应结果: {"id":225323145849081856,"code":200,"data":{"username":"一粟","email":"y1suuu@163.com","role":"user","register_time":"2025-04-11T19:51:17.000+00:00"},"message":"请求成功"}
2025-04-16 21:12:14.498  INFO 17636 --- [http-nio-8080-exec-4] (225323145949745152) com.example.filter.RequestLogFilter      : 请求URL: "/api/user/details" (OPTIONS) | 远程IP地址: 0:0:0:0:0:0:0:1 │ 身份: 未验证 | 请求参数列表: {}
2025-04-16 21:12:14.499  INFO 17636 --- [http-nio-8080-exec-4] (225323145949745152) com.example.filter.RequestLogFilter      : 请求处理耗时: 1ms | 响应结果: {"code":401,"data":null,"id":225323145949745152,"message":"Full authentication is required to access this resource"}
2025-04-16 21:12:14.502  INFO 17636 --- [http-nio-8080-exec-5] (225323145966522368) com.example.filter.RequestLogFilter      : 请求URL: "/api/user/details" (GET) | 远程IP地址: 0:0:0:0:0:0:0:1 │ 身份: 一粟 (UID: 7) | 角色: [ROLE_user] | 请求参数列表: {}
2025-04-16 21:12:14.503  INFO 17636 --- [http-nio-8080-exec-5] (225323145966522368) com.example.filter.RequestLogFilter      : 请求处理耗时: 1ms | 响应结果: {"id":225323145966522368,"code":200,"data":{"gender":0,"phone":"15886430806","qq":"3362187436","wx":"YiSu_i","desc":"你好，我是一西米！"},"message":"请求成功"}
2025-04-16 21:14:22.586  INFO 17636 --- [http-nio-8080-exec-8] (225323683189755904) com.example.filter.RequestLogFilter      : 请求URL: "/api/user/info" (OPTIONS) | 远程IP地址: 0:0:0:0:0:0:0:1 │ 身份: 未验证 | 请求参数列表: {}
2025-04-16 21:14:22.587  INFO 17636 --- [http-nio-8080-exec-8] (225323683189755904) com.example.filter.RequestLogFilter      : 请求处理耗时: 0ms | 响应结果: {"code":401,"data":null,"id":225323683189755904,"message":"Full authentication is required to access this resource"}
2025-04-16 21:14:22.590  INFO 17636 --- [http-nio-8080-exec-7] (225323683206533120) com.example.filter.RequestLogFilter      : 请求URL: "/api/user/info" (GET) | 远程IP地址: 0:0:0:0:0:0:0:1 │ 身份: 一粟 (UID: 7) | 角色: [ROLE_user] | 请求参数列表: {}
2025-04-16 21:14:22.593  INFO 17636 --- [http-nio-8080-exec-7] (225323683206533120) com.example.filter.RequestLogFilter      : 请求处理耗时: 3ms | 响应结果: {"id":225323683206533120,"code":200,"data":{"username":"一粟","email":"y1suuu@163.com","role":"user","register_time":"2025-04-11T19:51:17.000+00:00"},"message":"请求成功"}
2025-04-16 21:14:22.629  INFO 17636 --- [http-nio-8080-exec-9] (225323683370110976) com.example.filter.RequestLogFilter      : 请求URL: "/api/user/details" (OPTIONS) | 远程IP地址: 0:0:0:0:0:0:0:1 │ 身份: 未验证 | 请求参数列表: {}
2025-04-16 21:14:22.629  INFO 17636 --- [http-nio-8080-exec-9] (225323683370110976) com.example.filter.RequestLogFilter      : 请求处理耗时: 0ms | 响应结果: {"code":401,"data":null,"id":225323683370110976,"message":"Full authentication is required to access this resource"}
2025-04-16 21:14:22.632  INFO 17636 --- [http-nio-8080-exec-10] (225323683382693888) com.example.filter.RequestLogFilter      : 请求URL: "/api/user/details" (GET) | 远程IP地址: 0:0:0:0:0:0:0:1 │ 身份: 一粟 (UID: 7) | 角色: [ROLE_user] | 请求参数列表: {}
2025-04-16 21:14:22.634  INFO 17636 --- [http-nio-8080-exec-10] (225323683382693888) com.example.filter.RequestLogFilter      : 请求处理耗时: 2ms | 响应结果: {"id":225323683382693888,"code":200,"data":{"gender":0,"phone":"15886430806","qq":"3362187436","wx":"YiSu_i","desc":"你好，我是一西米！"},"message":"请求成功"}
2025-04-16 21:14:25.370  INFO 17636 --- [http-nio-8080-exec-1] (225323694866698240) com.example.filter.RequestLogFilter      : 请求URL: "/api/user/info" (GET) | 远程IP地址: 0:0:0:0:0:0:0:1 │ 身份: 一粟 (UID: 7) | 角色: [ROLE_user] | 请求参数列表: {}
2025-04-16 21:14:25.373  INFO 17636 --- [http-nio-8080-exec-1] (225323694866698240) com.example.filter.RequestLogFilter      : 请求处理耗时: 3ms | 响应结果: {"id":225323694866698240,"code":200,"data":{"username":"一粟","email":"y1suuu@163.com","role":"user","register_time":"2025-04-11T19:51:17.000+00:00"},"message":"请求成功"}
2025-04-16 21:14:25.395  INFO 17636 --- [http-nio-8080-exec-3] (225323694971555840) com.example.filter.RequestLogFilter      : 请求URL: "/api/user/details" (GET) | 远程IP地址: 0:0:0:0:0:0:0:1 │ 身份: 一粟 (UID: 7) | 角色: [ROLE_user] | 请求参数列表: {}
2025-04-16 21:14:25.397  INFO 17636 --- [http-nio-8080-exec-3] (225323694971555840) com.example.filter.RequestLogFilter      : 请求处理耗时: 2ms | 响应结果: {"id":225323694971555840,"code":200,"data":{"gender":0,"phone":"15886430806","qq":"3362187436","wx":"YiSu_i","desc":"你好，我是一西米！"},"message":"请求成功"}
2025-04-16 21:14:27.390  INFO 17636 --- [http-nio-8080-exec-2] (225323703334998016) com.example.filter.RequestLogFilter      : 请求URL: "/api/user/details" (GET) | 远程IP地址: 0:0:0:0:0:0:0:1 │ 身份: 一粟 (UID: 7) | 角色: [ROLE_user] | 请求参数列表: {}
2025-04-16 21:14:27.392  INFO 17636 --- [http-nio-8080-exec-2] (225323703334998016) com.example.filter.RequestLogFilter      : 请求处理耗时: 3ms | 响应结果: {"id":225323703334998016,"code":200,"data":{"gender":0,"phone":"15886430806","qq":"3362187436","wx":"YiSu_i","desc":"你好，我是一西米！"},"message":"请求成功"}
2025-04-16 21:15:17.979  INFO 17636 --- [http-nio-8080-exec-4] (225323915524837376) com.example.filter.RequestLogFilter      : 请求URL: "/api/user/details" (OPTIONS) | 远程IP地址: 0:0:0:0:0:0:0:1 │ 身份: 未验证 | 请求参数列表: {}
2025-04-16 21:15:17.979  INFO 17636 --- [http-nio-8080-exec-4] (225323915524837376) com.example.filter.RequestLogFilter      : 请求处理耗时: 0ms | 响应结果: {"code":401,"data":null,"id":225323915524837376,"message":"Full authentication is required to access this resource"}
2025-04-16 21:15:17.981  INFO 17636 --- [http-nio-8080-exec-5] (225323915533225984) com.example.filter.RequestLogFilter      : 请求URL: "/api/user/details" (GET) | 远程IP地址: 0:0:0:0:0:0:0:1 │ 身份: 一粟 (UID: 7) | 角色: [ROLE_user] | 请求参数列表: {}
2025-04-16 21:15:17.983  INFO 17636 --- [http-nio-8080-exec-5] (225323915533225984) com.example.filter.RequestLogFilter      : 请求处理耗时: 2ms | 响应结果: {"id":225323915533225984,"code":200,"data":{"gender":0,"phone":"15886430806","qq":"3362187436","wx":"YiSu_i","desc":"你好，我是一西米！"},"message":"请求成功"}
2025-04-16 21:15:19.411  INFO 17636 --- [http-nio-8080-exec-6] (225323921531080704) com.example.filter.RequestLogFilter      : 请求URL: "/api/user/details" (GET) | 远程IP地址: 0:0:0:0:0:0:0:1 │ 身份: 一粟 (UID: 7) | 角色: [ROLE_user] | 请求参数列表: {}
2025-04-16 21:15:19.413  INFO 17636 --- [http-nio-8080-exec-6] (225323921531080704) com.example.filter.RequestLogFilter      : 请求处理耗时: 2ms | 响应结果: {"id":225323921531080704,"code":200,"data":{"gender":0,"phone":"15886430806","qq":"3362187436","wx":"YiSu_i","desc":"你好，我是一西米！"},"message":"请求成功"}
2025-04-16 21:15:20.730  INFO 17636 --- [http-nio-8080-exec-8] (225323927063367680) com.example.filter.RequestLogFilter      : 请求URL: "/api/user/details" (GET) | 远程IP地址: 0:0:0:0:0:0:0:1 │ 身份: 一粟 (UID: 7) | 角色: [ROLE_user] | 请求参数列表: {}
2025-04-16 21:15:20.731  INFO 17636 --- [http-nio-8080-exec-8] (225323927063367680) com.example.filter.RequestLogFilter      : 请求处理耗时: 1ms | 响应结果: {"id":225323927063367680,"code":200,"data":{"gender":0,"phone":"15886430806","qq":"3362187436","wx":"YiSu_i","desc":"你好，我是一西米！"},"message":"请求成功"}
2025-04-16 21:15:21.738  INFO 17636 --- [http-nio-8080-exec-7] (225323931291226112) com.example.filter.RequestLogFilter      : 请求URL: "/api/user/details" (GET) | 远程IP地址: 0:0:0:0:0:0:0:1 │ 身份: 一粟 (UID: 7) | 角色: [ROLE_user] | 请求参数列表: {}
2025-04-16 21:15:21.742  INFO 17636 --- [http-nio-8080-exec-7] (225323931291226112) com.example.filter.RequestLogFilter      : 请求处理耗时: 4ms | 响应结果: {"id":225323931291226112,"code":200,"data":{"gender":0,"phone":"15886430806","qq":"3362187436","wx":"YiSu_i","desc":"你好，我是一西米！"},"message":"请求成功"}
2025-04-16 21:16:23.644  INFO 17636 --- [http-nio-8080-exec-10] (225324190943809536) com.example.filter.RequestLogFilter      : 请求URL: "/api/user/details" (OPTIONS) | 远程IP地址: 0:0:0:0:0:0:0:1 │ 身份: 未验证 | 请求参数列表: {}
2025-04-16 21:16:23.644  INFO 17636 --- [http-nio-8080-exec-10] (225324190943809536) com.example.filter.RequestLogFilter      : 请求处理耗时: 0ms | 响应结果: {"code":401,"data":null,"id":225324190943809536,"message":"Full authentication is required to access this resource"}
2025-04-16 21:16:23.646  INFO 17636 --- [http-nio-8080-exec-1] (225324190952198144) com.example.filter.RequestLogFilter      : 请求URL: "/api/user/details" (GET) | 远程IP地址: 0:0:0:0:0:0:0:1 │ 身份: 一粟 (UID: 7) | 角色: [ROLE_user] | 请求参数列表: {}
2025-04-16 21:16:23.647  INFO 17636 --- [http-nio-8080-exec-1] (225324190952198144) com.example.filter.RequestLogFilter      : 请求处理耗时: 1ms | 响应结果: {"id":225324190952198144,"code":200,"data":{"gender":0,"phone":"15886430806","qq":"3362187436","wx":"YiSu_i","desc":"你好，我是一西米！"},"message":"请求成功"}
2025-04-16 21:16:29.873  INFO 17636 --- [http-nio-8080-exec-3] (225324217070129152) com.example.filter.RequestLogFilter      : 请求URL: "/api/user/details" (OPTIONS) | 远程IP地址: 0:0:0:0:0:0:0:1 │ 身份: 未验证 | 请求参数列表: {}
2025-04-16 21:16:29.874  INFO 17636 --- [http-nio-8080-exec-3] (225324217070129152) com.example.filter.RequestLogFilter      : 请求处理耗时: 1ms | 响应结果: {"code":401,"data":null,"id":225324217070129152,"message":"Full authentication is required to access this resource"}
2025-04-16 21:16:29.876  INFO 17636 --- [http-nio-8080-exec-2] (225324217082712064) com.example.filter.RequestLogFilter      : 请求URL: "/api/user/details" (GET) | 远程IP地址: 0:0:0:0:0:0:0:1 │ 身份: 一粟 (UID: 7) | 角色: [ROLE_user] | 请求参数列表: {}
2025-04-16 21:16:29.877  INFO 17636 --- [http-nio-8080-exec-2] (225324217082712064) com.example.filter.RequestLogFilter      : 请求处理耗时: 1ms | 响应结果: {"id":225324217082712064,"code":200,"data":{"gender":0,"phone":"15886430806","qq":"3362187436","wx":"YiSu_i","desc":"你好，我是一西米！"},"message":"请求成功"}
2025-04-16 21:16:30.757  INFO 17636 --- [http-nio-8080-exec-4] (225324220777893888) com.example.filter.RequestLogFilter      : 请求URL: "/api/user/details" (GET) | 远程IP地址: 0:0:0:0:0:0:0:1 │ 身份: 一粟 (UID: 7) | 角色: [ROLE_user] | 请求参数列表: {}
2025-04-16 21:16:30.758  INFO 17636 --- [http-nio-8080-exec-4] (225324220777893888) com.example.filter.RequestLogFilter      : 请求处理耗时: 1ms | 响应结果: {"id":225324220777893888,"code":200,"data":{"gender":0,"phone":"15886430806","qq":"3362187436","wx":"YiSu_i","desc":"你好，我是一西米！"},"message":"请求成功"}
2025-04-16 21:18:10.050  INFO 17636 --- [http-nio-8080-exec-6] (225324637242920960) com.example.filter.RequestLogFilter      : 请求URL: "/api/user/details" (OPTIONS) | 远程IP地址: 0:0:0:0:0:0:0:1 │ 身份: 未验证 | 请求参数列表: {}
2025-04-16 21:18:10.050  INFO 17636 --- [http-nio-8080-exec-6] (225324637242920960) com.example.filter.RequestLogFilter      : 请求处理耗时: 0ms | 响应结果: {"code":401,"data":null,"id":225324637242920960,"message":"Full authentication is required to access this resource"}
2025-04-16 21:18:10.053  INFO 17636 --- [http-nio-8080-exec-8] (225324637255503872) com.example.filter.RequestLogFilter      : 请求URL: "/api/user/details" (GET) | 远程IP地址: 0:0:0:0:0:0:0:1 │ 身份: 一粟 (UID: 7) | 角色: [ROLE_user] | 请求参数列表: {}
2025-04-16 21:18:10.057  INFO 17636 --- [http-nio-8080-exec-8] (225324637255503872) com.example.filter.RequestLogFilter      : 请求处理耗时: 4ms | 响应结果: {"id":225324637255503872,"code":200,"data":{"gender":0,"phone":"15886430806","qq":"3362187436","wx":"YiSu_i","desc":"你好，我是一西米！"},"message":"请求成功"}
2025-04-16 21:25:11.198  INFO 17636 --- [http-nio-8080-exec-9] (225326403665661952) com.example.filter.RequestLogFilter      : 请求URL: "/api/user/info" (OPTIONS) | 远程IP地址: 0:0:0:0:0:0:0:1 │ 身份: 未验证 | 请求参数列表: {}
2025-04-16 21:25:11.199  INFO 17636 --- [http-nio-8080-exec-9] (225326403665661952) com.example.filter.RequestLogFilter      : 请求处理耗时: 1ms | 响应结果: {"code":401,"data":null,"id":225326403665661952,"message":"Full authentication is required to access this resource"}
2025-04-16 21:25:11.202  INFO 17636 --- [http-nio-8080-exec-10] (225326403682439168) com.example.filter.RequestLogFilter      : 请求URL: "/api/user/info" (GET) | 远程IP地址: 0:0:0:0:0:0:0:1 │ 身份: 一粟 (UID: 7) | 角色: [ROLE_user] | 请求参数列表: {}
2025-04-16 21:25:11.206  INFO 17636 --- [http-nio-8080-exec-10] (225326403682439168) com.example.filter.RequestLogFilter      : 请求处理耗时: 4ms | 响应结果: {"id":225326403682439168,"code":200,"data":{"username":"一粟","email":"y1suuu@163.com","role":"user","register_time":"2025-04-11T19:51:17.000+00:00"},"message":"请求成功"}
2025-04-16 21:25:12.918  INFO 17636 --- [http-nio-8080-exec-1] (225326410879864832) com.example.filter.RequestLogFilter      : 请求URL: "/api/user/info" (GET) | 远程IP地址: 0:0:0:0:0:0:0:1 │ 身份: 一粟 (UID: 7) | 角色: [ROLE_user] | 请求参数列表: {}
2025-04-16 21:25:12.921  INFO 17636 --- [http-nio-8080-exec-1] (225326410879864832) com.example.filter.RequestLogFilter      : 请求处理耗时: 3ms | 响应结果: {"id":225326410879864832,"code":200,"data":{"username":"一粟","email":"y1suuu@163.com","role":"user","register_time":"2025-04-11T19:51:17.000+00:00"},"message":"请求成功"}
2025-04-16 21:29:55.925  INFO 17636 --- [http-nio-8080-exec-2] (225327597897256960) com.example.filter.RequestLogFilter      : 请求URL: "/api/user/info" (OPTIONS) | 远程IP地址: 0:0:0:0:0:0:0:1 │ 身份: 未验证 | 请求参数列表: {}
2025-04-16 21:29:55.925  INFO 17636 --- [http-nio-8080-exec-2] (225327597897256960) com.example.filter.RequestLogFilter      : 请求处理耗时: 0ms | 响应结果: {"code":401,"data":null,"id":225327597897256960,"message":"Full authentication is required to access this resource"}
2025-04-16 21:29:55.927  INFO 17636 --- [http-nio-8080-exec-4] (225327597905645568) com.example.filter.RequestLogFilter      : 请求URL: "/api/user/info" (GET) | 远程IP地址: 0:0:0:0:0:0:0:1 │ 身份: 一粟 (UID: 7) | 角色: [ROLE_user] | 请求参数列表: {}
2025-04-16 21:29:55.931  INFO 17636 --- [http-nio-8080-exec-4] (225327597905645568) com.example.filter.RequestLogFilter      : 请求处理耗时: 4ms | 响应结果: {"id":225327597905645568,"code":200,"data":{"username":"一粟","email":"y1suuu@163.com","role":"user","register_time":"2025-04-11T19:51:17.000+00:00"},"message":"请求成功"}
2025-04-16 21:29:58.021  INFO 17636 --- [http-nio-8080-exec-5] (225327606688518144) com.example.filter.RequestLogFilter      : 请求URL: "/api/user/info" (GET) | 远程IP地址: 0:0:0:0:0:0:0:1 │ 身份: 一粟 (UID: 7) | 角色: [ROLE_user] | 请求参数列表: {}
2025-04-16 21:29:58.024  INFO 17636 --- [http-nio-8080-exec-5] (225327606688518144) com.example.filter.RequestLogFilter      : 请求处理耗时: 3ms | 响应结果: {"id":225327606688518144,"code":200,"data":{"username":"一粟","email":"y1suuu@163.com","role":"user","register_time":"2025-04-11T19:51:17.000+00:00"},"message":"请求成功"}
2025-04-16 21:43:10.499  INFO 17636 --- [http-nio-8080-exec-8] (225330930582163456) com.example.filter.RequestLogFilter      : 请求URL: "/api/user/details" (OPTIONS) | 远程IP地址: 0:0:0:0:0:0:0:1 │ 身份: 未验证 | 请求参数列表: {}
2025-04-16 21:43:10.500  INFO 17636 --- [http-nio-8080-exec-8] (225330930582163456) com.example.filter.RequestLogFilter      : 请求处理耗时: 1ms | 响应结果: {"code":401,"data":null,"id":225330930582163456,"message":"Full authentication is required to access this resource"}
2025-04-16 21:43:10.502  INFO 17636 --- [http-nio-8080-exec-7] (225330930594746368) com.example.filter.RequestLogFilter      : 请求URL: "/api/user/details" (GET) | 远程IP地址: 0:0:0:0:0:0:0:1 │ 身份: 一粟 (UID: 7) | 角色: [ROLE_user] | 请求参数列表: {}
2025-04-16 21:43:10.506  INFO 17636 --- [http-nio-8080-exec-7] (225330930594746368) com.example.filter.RequestLogFilter      : 请求处理耗时: 4ms | 响应结果: {"id":225330930594746368,"code":200,"data":{"gender":0,"phone":"15886430806","qq":"3362187436","wx":"YiSu_i","desc":"你好，我是一西米！"},"message":"请求成功"}
2025-04-16 21:43:13.606  INFO 17636 --- [http-nio-8080-exec-9] (225330943613865984) com.example.filter.RequestLogFilter      : 请求URL: "/api/user/details" (GET) | 远程IP地址: 0:0:0:0:0:0:0:1 │ 身份: 一粟 (UID: 7) | 角色: [ROLE_user] | 请求参数列表: {}
2025-04-16 21:43:13.609  INFO 17636 --- [http-nio-8080-exec-9] (225330943613865984) com.example.filter.RequestLogFilter      : 请求处理耗时: 3ms | 响应结果: {"id":225330943613865984,"code":200,"data":{"gender":0,"phone":"15886430806","qq":"3362187436","wx":"YiSu_i","desc":"你好，我是一西米！"},"message":"请求成功"}
2025-04-16 21:43:32.966  INFO 17636 --- [http-nio-8080-exec-10] (225331024815591424) com.example.filter.RequestLogFilter      : 请求URL: "/api/user/details" (OPTIONS) | 远程IP地址: 0:0:0:0:0:0:0:1 │ 身份: 未验证 | 请求参数列表: {}
2025-04-16 21:43:32.966  INFO 17636 --- [http-nio-8080-exec-10] (225331024815591424) com.example.filter.RequestLogFilter      : 请求处理耗时: 0ms | 响应结果: {"code":401,"data":null,"id":225331024815591424,"message":"Full authentication is required to access this resource"}
2025-04-16 21:43:32.969  INFO 17636 --- [http-nio-8080-exec-1] (225331024823980032) com.example.filter.RequestLogFilter      : 请求URL: "/api/user/details" (GET) | 远程IP地址: 0:0:0:0:0:0:0:1 │ 身份: 一粟 (UID: 7) | 角色: [ROLE_user] | 请求参数列表: {}
2025-04-16 21:43:32.970  INFO 17636 --- [http-nio-8080-exec-1] (225331024823980032) com.example.filter.RequestLogFilter      : 请求处理耗时: 2ms | 响应结果: {"id":225331024823980032,"code":200,"data":{"gender":0,"phone":"15886430806","qq":"3362187436","wx":"YiSu_i","desc":"你好，我是一西米！"},"message":"请求成功"}
2025-04-16 21:53:25.877  INFO 17636 --- [http-nio-8080-exec-2] (225333511664570368) com.example.filter.RequestLogFilter      : 请求URL: "/api/user/info" (OPTIONS) | 远程IP地址: 0:0:0:0:0:0:0:1 │ 身份: 未验证 | 请求参数列表: {}
2025-04-16 21:53:25.878  INFO 17636 --- [http-nio-8080-exec-2] (225333511664570368) com.example.filter.RequestLogFilter      : 请求处理耗时: 1ms | 响应结果: {"code":401,"data":null,"id":225333511664570368,"message":"Full authentication is required to access this resource"}
2025-04-16 21:53:25.882  INFO 17636 --- [http-nio-8080-exec-4] (225333511685541888) com.example.filter.RequestLogFilter      : 请求URL: "/api/user/info" (GET) | 远程IP地址: 0:0:0:0:0:0:0:1 │ 身份: 一粟 (UID: 7) | 角色: [ROLE_user] | 请求参数列表: {}
2025-04-16 21:53:25.886  INFO 17636 --- [http-nio-8080-exec-4] (225333511685541888) com.example.filter.RequestLogFilter      : 请求处理耗时: 4ms | 响应结果: {"id":225333511685541888,"code":200,"data":{"username":"一粟","email":"y1suuu@163.com","role":"user","register_time":"2025-04-11T19:51:17.000+00:00"},"message":"请求成功"}
2025-04-16 21:58:14.582  INFO 17636 --- [http-nio-8080-exec-6] (225334722581106688) com.example.filter.RequestLogFilter      : 请求URL: "/api/user/info" (OPTIONS) | 远程IP地址: 0:0:0:0:0:0:0:1 │ 身份: 未验证 | 请求参数列表: {}
2025-04-16 21:58:14.583  INFO 17636 --- [http-nio-8080-exec-6] (225334722581106688) com.example.filter.RequestLogFilter      : 请求处理耗时: 1ms | 响应结果: {"code":401,"data":null,"id":225334722581106688,"message":"Full authentication is required to access this resource"}
2025-04-16 21:58:14.586  INFO 17636 --- [http-nio-8080-exec-8] (225334722597883904) com.example.filter.RequestLogFilter      : 请求URL: "/api/user/info" (GET) | 远程IP地址: 0:0:0:0:0:0:0:1 │ 身份: 一粟 (UID: 7) | 角色: [ROLE_user] | 请求参数列表: {}
2025-04-16 21:58:14.589  INFO 17636 --- [http-nio-8080-exec-8] (225334722597883904) com.example.filter.RequestLogFilter      : 请求处理耗时: 3ms | 响应结果: {"id":225334722597883904,"code":200,"data":{"username":"一粟","email":"y1suuu@163.com","role":"user","register_time":"2025-04-11T19:51:17.000+00:00"},"message":"请求成功"}
2025-04-16 21:58:56.393  INFO 17636 --- [http-nio-8080-exec-7] (225334897949151232) com.example.filter.RequestLogFilter      : 请求URL: "/api/user/info" (OPTIONS) | 远程IP地址: 0:0:0:0:0:0:0:1 │ 身份: 未验证 | 请求参数列表: {}
2025-04-16 21:58:56.394  INFO 17636 --- [http-nio-8080-exec-7] (225334897949151232) com.example.filter.RequestLogFilter      : 请求处理耗时: 1ms | 响应结果: {"code":401,"data":null,"id":225334897949151232,"message":"Full authentication is required to access this resource"}
2025-04-16 21:58:56.397  INFO 17636 --- [http-nio-8080-exec-9] (225334897965928448) com.example.filter.RequestLogFilter      : 请求URL: "/api/user/info" (GET) | 远程IP地址: 0:0:0:0:0:0:0:1 │ 身份: 一粟 (UID: 7) | 角色: [ROLE_user] | 请求参数列表: {}
2025-04-16 21:58:56.400  INFO 17636 --- [http-nio-8080-exec-9] (225334897965928448) com.example.filter.RequestLogFilter      : 请求处理耗时: 3ms | 响应结果: {"id":225334897965928448,"code":200,"data":{"username":"一粟","email":"y1suuu@163.com","role":"user","register_time":"2025-04-11T19:51:17.000+00:00"},"message":"请求成功"}
2025-04-16 21:58:56.589  INFO 17636 --- [http-nio-8080-exec-10] (225334898771234816) com.example.filter.RequestLogFilter      : 请求URL: "/api/user/info" (GET) | 远程IP地址: 0:0:0:0:0:0:0:1 │ 身份: 一粟 (UID: 7) | 角色: [ROLE_user] | 请求参数列表: {}
2025-04-16 21:58:56.593  INFO 17636 --- [http-nio-8080-exec-10] (225334898771234816) com.example.filter.RequestLogFilter      : 请求处理耗时: 4ms | 响应结果: {"id":225334898771234816,"code":200,"data":{"username":"一粟","email":"y1suuu@163.com","role":"user","register_time":"2025-04-11T19:51:17.000+00:00"},"message":"请求成功"}
2025-04-16 21:58:59.449  INFO 17636 --- [http-nio-8080-exec-1] (225334910766944256) com.example.filter.RequestLogFilter      : 请求URL: "/api/user/info" (GET) | 远程IP地址: 0:0:0:0:0:0:0:1 │ 身份: 一粟 (UID: 7) | 角色: [ROLE_user] | 请求参数列表: {}
2025-04-16 21:58:59.451  INFO 17636 --- [http-nio-8080-exec-1] (225334910766944256) com.example.filter.RequestLogFilter      : 请求处理耗时: 2ms | 响应结果: {"id":225334910766944256,"code":200,"data":{"username":"一粟","email":"y1suuu@163.com","role":"user","register_time":"2025-04-11T19:51:17.000+00:00"},"message":"请求成功"}
2025-04-16 21:59:00.672  INFO 17636 --- [http-nio-8080-exec-3] (225334915896578048) com.example.filter.RequestLogFilter      : 请求URL: "/api/user/details" (OPTIONS) | 远程IP地址: 0:0:0:0:0:0:0:1 │ 身份: 未验证 | 请求参数列表: {}
2025-04-16 21:59:00.673  INFO 17636 --- [http-nio-8080-exec-3] (225334915896578048) com.example.filter.RequestLogFilter      : 请求处理耗时: 1ms | 响应结果: {"code":401,"data":null,"id":225334915896578048,"message":"Full authentication is required to access this resource"}
2025-04-16 21:59:00.676  INFO 17636 --- [http-nio-8080-exec-2] (225334915913355264) com.example.filter.RequestLogFilter      : 请求URL: "/api/user/details" (GET) | 远程IP地址: 0:0:0:0:0:0:0:1 │ 身份: 一粟 (UID: 7) | 角色: [ROLE_user] | 请求参数列表: {}
2025-04-16 21:59:00.678  INFO 17636 --- [http-nio-8080-exec-2] (225334915913355264) com.example.filter.RequestLogFilter      : 请求处理耗时: 2ms | 响应结果: {"id":225334915913355264,"code":200,"data":{"gender":0,"phone":"15886430806","qq":"3362187436","wx":"YiSu_i","desc":"你好，我是一西米！"},"message":"请求成功"}
2025-04-16 21:59:06.601  INFO 17636 --- [http-nio-8080-exec-4] (225334940764606464) com.example.filter.RequestLogFilter      : 请求URL: "/api/user/info" (OPTIONS) | 远程IP地址: 0:0:0:0:0:0:0:1 │ 身份: 未验证 | 请求参数列表: {}
2025-04-16 21:59:06.601  INFO 17636 --- [http-nio-8080-exec-4] (225334940764606464) com.example.filter.RequestLogFilter      : 请求处理耗时: 0ms | 响应结果: {"code":401,"data":null,"id":225334940764606464,"message":"Full authentication is required to access this resource"}
2025-04-16 21:59:06.607  INFO 17636 --- [http-nio-8080-exec-5] (225334940789772288) com.example.filter.RequestLogFilter      : 请求URL: "/api/user/info" (GET) | 远程IP地址: 0:0:0:0:0:0:0:1 │ 身份: 一粟 (UID: 7) | 角色: [ROLE_user] | 请求参数列表: {}
2025-04-16 21:59:06.609  INFO 17636 --- [http-nio-8080-exec-5] (225334940789772288) com.example.filter.RequestLogFilter      : 请求处理耗时: 2ms | 响应结果: {"id":225334940789772288,"code":200,"data":{"username":"一粟","email":"y1suuu@163.com","role":"user","register_time":"2025-04-11T19:51:17.000+00:00"},"message":"请求成功"}
2025-04-16 21:59:15.956  INFO 17636 --- [http-nio-8080-exec-6] (225334980002320384) com.example.filter.RequestLogFilter      : 请求URL: "/api/user/info" (OPTIONS) | 远程IP地址: 0:0:0:0:0:0:0:1 │ 身份: 未验证 | 请求参数列表: {}
2025-04-16 21:59:15.956  INFO 17636 --- [http-nio-8080-exec-6] (225334980002320384) com.example.filter.RequestLogFilter      : 请求处理耗时: 0ms | 响应结果: {"code":401,"data":null,"id":225334980002320384,"message":"Full authentication is required to access this resource"}
2025-04-16 21:59:15.958  INFO 17636 --- [http-nio-8080-exec-8] (225334980010708992) com.example.filter.RequestLogFilter      : 请求URL: "/api/user/info" (GET) | 远程IP地址: 0:0:0:0:0:0:0:1 │ 身份: 一粟 (UID: 7) | 角色: [ROLE_user] | 请求参数列表: {}
2025-04-16 21:59:15.960  INFO 17636 --- [http-nio-8080-exec-8] (225334980010708992) com.example.filter.RequestLogFilter      : 请求处理耗时: 2ms | 响应结果: {"id":225334980010708992,"code":200,"data":{"username":"一粟","email":"y1suuu@163.com","role":"user","register_time":"2025-04-11T19:51:17.000+00:00"},"message":"请求成功"}
2025-04-16 22:00:01.451  INFO 17636 --- [http-nio-8080-exec-7] (225335170822180864) com.example.filter.RequestLogFilter      : 请求URL: "/api/user/info" (OPTIONS) | 远程IP地址: 0:0:0:0:0:0:0:1 │ 身份: 未验证 | 请求参数列表: {}
2025-04-16 22:00:01.451  INFO 17636 --- [http-nio-8080-exec-7] (225335170822180864) com.example.filter.RequestLogFilter      : 请求处理耗时: 0ms | 响应结果: {"code":401,"data":null,"id":225335170822180864,"message":"Full authentication is required to access this resource"}
2025-04-16 22:00:01.454  INFO 17636 --- [http-nio-8080-exec-9] (225335170834763776) com.example.filter.RequestLogFilter      : 请求URL: "/api/user/info" (GET) | 远程IP地址: 0:0:0:0:0:0:0:1 │ 身份: 一粟 (UID: 7) | 角色: [ROLE_user] | 请求参数列表: {}
2025-04-16 22:00:01.456  INFO 17636 --- [http-nio-8080-exec-9] (225335170834763776) com.example.filter.RequestLogFilter      : 请求处理耗时: 2ms | 响应结果: {"id":225335170834763776,"code":200,"data":{"username":"一粟","email":"y1suuu@163.com","role":"user","register_time":"2025-04-11T19:51:17.000+00:00"},"message":"请求成功"}
2025-04-16 22:00:01.612  INFO 17636 --- [http-nio-8080-exec-10] (225335171497463808) com.example.filter.RequestLogFilter      : 请求URL: "/api/user/info" (GET) | 远程IP地址: 0:0:0:0:0:0:0:1 │ 身份: 一粟 (UID: 7) | 角色: [ROLE_user] | 请求参数列表: {}
2025-04-16 22:00:01.616  INFO 17636 --- [http-nio-8080-exec-10] (225335171497463808) com.example.filter.RequestLogFilter      : 请求处理耗时: 4ms | 响应结果: {"id":225335171497463808,"code":200,"data":{"username":"一粟","email":"y1suuu@163.com","role":"user","register_time":"2025-04-11T19:51:17.000+00:00"},"message":"请求成功"}
2025-04-16 22:00:14.850  INFO 17636 --- [http-nio-8080-exec-1] (225335227021660160) com.example.filter.RequestLogFilter      : 请求URL: "/api/user/info" (OPTIONS) | 远程IP地址: 0:0:0:0:0:0:0:1 │ 身份: 未验证 | 请求参数列表: {}
2025-04-16 22:00:14.850  INFO 17636 --- [http-nio-8080-exec-1] (225335227021660160) com.example.filter.RequestLogFilter      : 请求处理耗时: 0ms | 响应结果: {"code":401,"data":null,"id":225335227021660160,"message":"Full authentication is required to access this resource"}
2025-04-16 22:00:14.852  INFO 17636 --- [http-nio-8080-exec-3] (225335227030048768) com.example.filter.RequestLogFilter      : 请求URL: "/api/user/info" (GET) | 远程IP地址: 0:0:0:0:0:0:0:1 │ 身份: 一粟 (UID: 7) | 角色: [ROLE_user] | 请求参数列表: {}
2025-04-16 22:00:14.854  INFO 17636 --- [http-nio-8080-exec-3] (225335227030048768) com.example.filter.RequestLogFilter      : 请求处理耗时: 2ms | 响应结果: {"id":225335227030048768,"code":200,"data":{"username":"一粟","email":"y1suuu@163.com","role":"user","register_time":"2025-04-11T19:51:17.000+00:00"},"message":"请求成功"}
2025-04-16 22:00:29.678  INFO 17636 --- [http-nio-8080-exec-2] (225335289214799872) com.example.filter.RequestLogFilter      : 请求URL: "/api/user/info" (OPTIONS) | 远程IP地址: 0:0:0:0:0:0:0:1 │ 身份: 未验证 | 请求参数列表: {}
2025-04-16 22:00:29.678  INFO 17636 --- [http-nio-8080-exec-2] (225335289214799872) com.example.filter.RequestLogFilter      : 请求处理耗时: 0ms | 响应结果: {"code":401,"data":null,"id":225335289214799872,"message":"Full authentication is required to access this resource"}
2025-04-16 22:00:29.680  INFO 17636 --- [http-nio-8080-exec-4] (225335289223188480) com.example.filter.RequestLogFilter      : 请求URL: "/api/user/info" (GET) | 远程IP地址: 0:0:0:0:0:0:0:1 │ 身份: 一粟 (UID: 7) | 角色: [ROLE_user] | 请求参数列表: {}
2025-04-16 22:00:29.683  INFO 17636 --- [http-nio-8080-exec-4] (225335289223188480) com.example.filter.RequestLogFilter      : 请求处理耗时: 3ms | 响应结果: {"id":225335289223188480,"code":200,"data":{"username":"一粟","email":"y1suuu@163.com","role":"user","register_time":"2025-04-11T19:51:17.000+00:00"},"message":"请求成功"}
2025-04-16 22:03:12.048  INFO 17636 --- [http-nio-8080-exec-6] (225335970239746048) com.example.filter.RequestLogFilter      : 请求URL: "/api/user/info" (OPTIONS) | 远程IP地址: 0:0:0:0:0:0:0:1 │ 身份: 未验证 | 请求参数列表: {}
2025-04-16 22:03:12.048  INFO 17636 --- [http-nio-8080-exec-6] (225335970239746048) com.example.filter.RequestLogFilter      : 请求处理耗时: 1ms | 响应结果: {"code":401,"data":null,"id":225335970239746048,"message":"Full authentication is required to access this resource"}
2025-04-16 22:03:12.051  INFO 17636 --- [http-nio-8080-exec-8] (225335970256523264) com.example.filter.RequestLogFilter      : 请求URL: "/api/user/info" (GET) | 远程IP地址: 0:0:0:0:0:0:0:1 │ 身份: 一粟 (UID: 7) | 角色: [ROLE_user] | 请求参数列表: {}
2025-04-16 22:03:12.055  INFO 17636 --- [http-nio-8080-exec-8] (225335970256523264) com.example.filter.RequestLogFilter      : 请求处理耗时: 4ms | 响应结果: {"id":225335970256523264,"code":200,"data":{"username":"一粟","email":"y1suuu@163.com","role":"user","register_time":"2025-04-11T19:51:17.000+00:00"},"message":"请求成功"}
2025-04-16 22:25:33.411  INFO 17636 --- [org.springframework.amqp.rabbit.RabbitListenerEndpointContainer#0-2] (system) o.s.a.r.l.SimpleMessageListenerContainer : Waiting for workers to finish.
2025-04-16 22:25:34.123  INFO 17636 --- [org.springframework.amqp.rabbit.RabbitListenerEndpointContainer#0-2] (system) o.s.a.r.l.SimpleMessageListenerContainer : Successfully waited for workers to finish.
2025-04-16 22:25:34.126  INFO 17636 --- [SpringApplicationShutdownHook] (system) o.s.b.w.e.tomcat.GracefulShutdown        : Commencing graceful shutdown. Waiting for active requests to complete
2025-04-16 22:25:34.280  INFO 17636 --- [tomcat-shutdown] (system) o.s.b.w.e.tomcat.GracefulShutdown        : Graceful shutdown complete
2025-04-16 22:25:34.307  INFO 17636 --- [SpringApplicationShutdownHook] (system) com.zaxxer.hikari.HikariDataSource       : HikariPool-1 - Shutdown initiated...
2025-04-16 22:25:34.309  INFO 17636 --- [SpringApplicationShutdownHook] (system) com.zaxxer.hikari.HikariDataSource       : HikariPool-1 - Shutdown completed.
2025-04-16 22:25:37.307  INFO 16668 --- [main] (system) c.example.MyProjectBackendApplication    : Starting MyProjectBackendApplication using Java 17.0.12 with PID 16668 (C:\Users\SUYU\Desktop\my-project\my-project-backend\target\classes started by SUYU in C:\Users\SUYU\Desktop\my-project)
2025-04-16 22:25:37.308  INFO 16668 --- [main] (system) c.example.MyProjectBackendApplication    : The following 1 profile is active: "dev"
2025-04-16 22:25:37.780  INFO 16668 --- [main] (system) .s.d.r.c.RepositoryConfigurationDelegate : Multiple Spring Data modules found, entering strict repository configuration mode
2025-04-16 22:25:37.782  INFO 16668 --- [main] (system) .s.d.r.c.RepositoryConfigurationDelegate : Bootstrapping Spring Data Redis repositories in DEFAULT mode.
2025-04-16 22:25:37.798  INFO 16668 --- [main] (system) .s.d.r.c.RepositoryConfigurationDelegate : Finished Spring Data repository scanning in 6 ms. Found 0 Redis repository interfaces.
2025-04-16 22:25:38.155  INFO 16668 --- [main] (system) o.s.b.w.embedded.tomcat.TomcatWebServer  : Tomcat initialized with port 8080 (http)
2025-04-16 22:25:38.164  INFO 16668 --- [main] (system) o.apache.catalina.core.StandardService   : Starting service [Tomcat]
2025-04-16 22:25:38.164  INFO 16668 --- [main] (system) o.apache.catalina.core.StandardEngine    : Starting Servlet engine: [Apache Tomcat/10.1.39]
2025-04-16 22:25:38.199  INFO 16668 --- [main] (system) o.a.c.c.C.[Tomcat].[localhost].[/]       : Initializing Spring embedded WebApplicationContext
2025-04-16 22:25:38.199  INFO 16668 --- [main] (system) w.s.c.ServletWebServerApplicationContext : Root WebApplicationContext: initialization completed in 867 ms
2025-04-16 22:25:38.836  INFO 16668 --- [main] (system) r$InitializeUserDetailsManagerConfigurer : Global AuthenticationManager configured with UserDetailsService bean with name accountServiceImpl
2025-04-16 22:25:39.192  INFO 16668 --- [main] (system) o.s.b.w.embedded.tomcat.TomcatWebServer  : Tomcat started on port 8080 (http) with context path '/'
2025-04-16 22:25:39.194  INFO 16668 --- [main] (system) o.s.a.r.c.CachingConnectionFactory       : Attempting to connect to: [localhost:5672]
2025-04-16 22:25:39.217  INFO 16668 --- [main] (system) o.s.a.r.c.CachingConnectionFactory       : Created new connection: rabbitConnectionFactory#6fe2a366:0/SimpleConnection@48f2d51d [delegate=amqp://admin@127.0.0.1:5672/, localPort=11865]
2025-04-16 22:25:39.247  INFO 16668 --- [main] (system) c.example.MyProjectBackendApplication    : Started MyProjectBackendApplication in 2.253 seconds (process running for 2.557)
2025-04-16 22:27:26.979  INFO 16668 --- [org.springframework.amqp.rabbit.RabbitListenerEndpointContainer#0-2] (system) o.s.a.r.l.SimpleMessageListenerContainer : Waiting for workers to finish.
2025-04-16 22:27:27.158  INFO 16668 --- [org.springframework.amqp.rabbit.RabbitListenerEndpointContainer#0-2] (system) o.s.a.r.l.SimpleMessageListenerContainer : Successfully waited for workers to finish.
2025-04-16 22:27:27.158  INFO 16668 --- [SpringApplicationShutdownHook] (system) o.s.b.w.e.tomcat.GracefulShutdown        : Commencing graceful shutdown. Waiting for active requests to complete
2025-04-16 22:27:27.334  INFO 16668 --- [tomcat-shutdown] (system) o.s.b.w.e.tomcat.GracefulShutdown        : Graceful shutdown complete
2025-04-16 22:27:28.895  INFO 12468 --- [main] (system) c.example.MyProjectBackendApplication    : Starting MyProjectBackendApplication using Java 17.0.12 with PID 12468 (C:\Users\SUYU\Desktop\my-project\my-project-backend\target\classes started by SUYU in C:\Users\SUYU\Desktop\my-project)
2025-04-16 22:27:28.896  INFO 12468 --- [main] (system) c.example.MyProjectBackendApplication    : The following 1 profile is active: "dev"
2025-04-16 22:27:29.363  INFO 12468 --- [main] (system) .s.d.r.c.RepositoryConfigurationDelegate : Multiple Spring Data modules found, entering strict repository configuration mode
2025-04-16 22:27:29.365  INFO 12468 --- [main] (system) .s.d.r.c.RepositoryConfigurationDelegate : Bootstrapping Spring Data Redis repositories in DEFAULT mode.
2025-04-16 22:27:29.382  INFO 12468 --- [main] (system) .s.d.r.c.RepositoryConfigurationDelegate : Finished Spring Data repository scanning in 7 ms. Found 0 Redis repository interfaces.
2025-04-16 22:27:29.738  INFO 12468 --- [main] (system) o.s.b.w.embedded.tomcat.TomcatWebServer  : Tomcat initialized with port 8080 (http)
2025-04-16 22:27:29.745  INFO 12468 --- [main] (system) o.apache.catalina.core.StandardService   : Starting service [Tomcat]
2025-04-16 22:27:29.746  INFO 12468 --- [main] (system) o.apache.catalina.core.StandardEngine    : Starting Servlet engine: [Apache Tomcat/10.1.39]
2025-04-16 22:27:29.780  INFO 12468 --- [main] (system) o.a.c.c.C.[Tomcat].[localhost].[/]       : Initializing Spring embedded WebApplicationContext
2025-04-16 22:27:29.780  INFO 12468 --- [main] (system) w.s.c.ServletWebServerApplicationContext : Root WebApplicationContext: initialization completed in 862 ms
2025-04-16 22:27:30.377  INFO 12468 --- [main] (system) r$InitializeUserDetailsManagerConfigurer : Global AuthenticationManager configured with UserDetailsService bean with name accountServiceImpl
2025-04-16 22:27:30.726  INFO 12468 --- [main] (system) o.s.b.w.embedded.tomcat.TomcatWebServer  : Tomcat started on port 8080 (http) with context path '/'
2025-04-16 22:27:30.728  INFO 12468 --- [main] (system) o.s.a.r.c.CachingConnectionFactory       : Attempting to connect to: [localhost:5672]
2025-04-16 22:27:30.749  INFO 12468 --- [main] (system) o.s.a.r.c.CachingConnectionFactory       : Created new connection: rabbitConnectionFactory#57b711b6:0/SimpleConnection@5400db7e [delegate=amqp://admin@127.0.0.1:5672/, localPort=11921]
2025-04-16 22:27:30.774  INFO 12468 --- [main] (system) c.example.MyProjectBackendApplication    : Started MyProjectBackendApplication in 2.283 seconds (process running for 2.567)
2025-04-16 22:32:45.021  INFO 12468 --- [org.springframework.amqp.rabbit.RabbitListenerEndpointContainer#0-2] (system) o.s.a.r.l.SimpleMessageListenerContainer : Waiting for workers to finish.
2025-04-16 22:32:45.482  INFO 12468 --- [org.springframework.amqp.rabbit.RabbitListenerEndpointContainer#0-2] (system) o.s.a.r.l.SimpleMessageListenerContainer : Successfully waited for workers to finish.
2025-04-16 22:32:45.483  INFO 12468 --- [SpringApplicationShutdownHook] (system) o.s.b.w.e.tomcat.GracefulShutdown        : Commencing graceful shutdown. Waiting for active requests to complete
2025-04-16 22:32:45.678  INFO 12468 --- [tomcat-shutdown] (system) o.s.b.w.e.tomcat.GracefulShutdown        : Graceful shutdown complete
2025-04-16 22:32:47.283  INFO 18308 --- [main] (system) c.example.MyProjectBackendApplication    : Starting MyProjectBackendApplication using Java 17.0.12 with PID 18308 (C:\Users\SUYU\Desktop\my-project\my-project-backend\target\classes started by SUYU in C:\Users\SUYU\Desktop\my-project)
2025-04-16 22:32:47.284  INFO 18308 --- [main] (system) c.example.MyProjectBackendApplication    : The following 1 profile is active: "dev"
2025-04-16 22:32:47.750  INFO 18308 --- [main] (system) .s.d.r.c.RepositoryConfigurationDelegate : Multiple Spring Data modules found, entering strict repository configuration mode
2025-04-16 22:32:47.751  INFO 18308 --- [main] (system) .s.d.r.c.RepositoryConfigurationDelegate : Bootstrapping Spring Data Redis repositories in DEFAULT mode.
2025-04-16 22:32:47.768  INFO 18308 --- [main] (system) .s.d.r.c.RepositoryConfigurationDelegate : Finished Spring Data repository scanning in 7 ms. Found 0 Redis repository interfaces.
2025-04-16 22:32:48.128  INFO 18308 --- [main] (system) o.s.b.w.embedded.tomcat.TomcatWebServer  : Tomcat initialized with port 8080 (http)
2025-04-16 22:32:48.135  INFO 18308 --- [main] (system) o.apache.catalina.core.StandardService   : Starting service [Tomcat]
2025-04-16 22:32:48.135  INFO 18308 --- [main] (system) o.apache.catalina.core.StandardEngine    : Starting Servlet engine: [Apache Tomcat/10.1.39]
2025-04-16 22:32:48.168  INFO 18308 --- [main] (system) o.a.c.c.C.[Tomcat].[localhost].[/]       : Initializing Spring embedded WebApplicationContext
2025-04-16 22:32:48.168  INFO 18308 --- [main] (system) w.s.c.ServletWebServerApplicationContext : Root WebApplicationContext: initialization completed in 860 ms
2025-04-16 22:32:48.764  INFO 18308 --- [main] (system) r$InitializeUserDetailsManagerConfigurer : Global AuthenticationManager configured with UserDetailsService bean with name accountServiceImpl
2025-04-16 22:32:49.118  INFO 18308 --- [main] (system) o.s.b.w.embedded.tomcat.TomcatWebServer  : Tomcat started on port 8080 (http) with context path '/'
2025-04-16 22:32:49.120  INFO 18308 --- [main] (system) o.s.a.r.c.CachingConnectionFactory       : Attempting to connect to: [localhost:5672]
2025-04-16 22:32:49.141  INFO 18308 --- [main] (system) o.s.a.r.c.CachingConnectionFactory       : Created new connection: rabbitConnectionFactory#2db461b5:0/SimpleConnection@a84b6de [delegate=amqp://admin@127.0.0.1:5672/, localPort=12296]
2025-04-16 22:32:49.165  INFO 18308 --- [main] (system) c.example.MyProjectBackendApplication    : Started MyProjectBackendApplication in 2.242 seconds (process running for 2.573)
2025-04-16 22:33:01.878  INFO 18308 --- [http-nio-8080-exec-1] (system) o.a.c.c.C.[Tomcat].[localhost].[/]       : Initializing Spring DispatcherServlet 'dispatcherServlet'
2025-04-16 22:33:01.879  INFO 18308 --- [http-nio-8080-exec-1] (system) o.s.web.servlet.DispatcherServlet        : Initializing Servlet 'dispatcherServlet'
2025-04-16 22:33:01.879  INFO 18308 --- [http-nio-8080-exec-1] (system) o.s.web.servlet.DispatcherServlet        : Completed initialization in 0 ms
2025-04-16 22:33:02.181  INFO 18308 --- [http-nio-8080-exec-1] (225343478601748480) com.example.filter.RequestLogFilter      : 请求URL: "/api/user/change-password" (OPTIONS) | 远程IP地址: 0:0:0:0:0:0:0:1 │ 身份: 未验证 | 请求参数列表: {}
2025-04-16 22:33:02.266  INFO 18308 --- [http-nio-8080-exec-1] (225343478601748480) com.example.filter.RequestLogFilter      : 请求处理耗时: 86ms | 响应结果: {"code":401,"data":null,"id":225343478601748480,"message":"Full authentication is required to access this resource"}
2025-04-16 22:33:02.306  INFO 18308 --- [http-nio-8080-exec-3] (225343479130230784) com.example.filter.RequestLogFilter      : 请求URL: "/api/user/change-password" (POST) | 远程IP地址: 0:0:0:0:0:0:0:1 │ 身份: 一粟 (UID: 7) | 角色: [ROLE_user] | 请求参数列表: {}
2025-04-16 22:33:02.422  INFO 18308 --- [http-nio-8080-exec-3] (225343479130230784) com.zaxxer.hikari.HikariDataSource       : HikariPool-1 - Starting...
2025-04-16 22:33:02.587  INFO 18308 --- [http-nio-8080-exec-3] (225343479130230784) com.zaxxer.hikari.pool.HikariPool        : HikariPool-1 - Added connection com.mysql.cj.jdbc.ConnectionImpl@19c25210
2025-04-16 22:33:02.588  INFO 18308 --- [http-nio-8080-exec-3] (225343479130230784) com.zaxxer.hikari.HikariDataSource       : HikariPool-1 - Start completed.
2025-04-16 22:33:02.611  WARN 18308 --- [http-nio-8080-exec-3] (225343479130230784) o.s.s.c.bcrypt.BCryptPasswordEncoder     : Encoded password does not look like BCrypt
2025-04-16 22:33:02.628  INFO 18308 --- [http-nio-8080-exec-3] (225343479130230784) com.example.filter.RequestLogFilter      : 请求处理耗时: 322ms | 响应结果: {"id":225343479130230784,"code":400,"data":null,"message":"原密码错误，请重新输入！"}
2025-04-16 22:33:17.148  INFO 18308 --- [http-nio-8080-exec-2] (225343541382090752) com.example.filter.RequestLogFilter      : 请求URL: "/api/user/change-password" (OPTIONS) | 远程IP地址: 0:0:0:0:0:0:0:1 │ 身份: 未验证 | 请求参数列表: {}
2025-04-16 22:33:17.149  INFO 18308 --- [http-nio-8080-exec-2] (225343541382090752) com.example.filter.RequestLogFilter      : 请求处理耗时: 1ms | 响应结果: {"code":401,"data":null,"id":225343541382090752,"message":"Full authentication is required to access this resource"}
2025-04-16 22:33:17.153  INFO 18308 --- [http-nio-8080-exec-4] (225343541403062272) com.example.filter.RequestLogFilter      : 请求URL: "/api/user/change-password" (POST) | 远程IP地址: 0:0:0:0:0:0:0:1 │ 身份: 一粟 (UID: 7) | 角色: [ROLE_user] | 请求参数列表: {}
2025-04-16 22:33:17.156  WARN 18308 --- [http-nio-8080-exec-4] (225343541403062272) o.s.s.c.bcrypt.BCryptPasswordEncoder     : Encoded password does not look like BCrypt
2025-04-16 22:33:17.157  INFO 18308 --- [http-nio-8080-exec-4] (225343541403062272) com.example.filter.RequestLogFilter      : 请求处理耗时: 4ms | 响应结果: {"id":225343541403062272,"code":400,"data":null,"message":"原密码错误，请重新输入！"}
2025-04-16 22:33:30.770  INFO 18308 --- [http-nio-8080-exec-5] (225343598516899840) com.example.filter.RequestLogFilter      : 请求URL: "/api/user/change-password" (OPTIONS) | 远程IP地址: 0:0:0:0:0:0:0:1 │ 身份: 未验证 | 请求参数列表: {}
2025-04-16 22:33:30.771  INFO 18308 --- [http-nio-8080-exec-5] (225343598516899840) com.example.filter.RequestLogFilter      : 请求处理耗时: 1ms | 响应结果: {"code":401,"data":null,"id":225343598516899840,"message":"Full authentication is required to access this resource"}
2025-04-16 22:33:30.774  INFO 18308 --- [http-nio-8080-exec-6] (225343598533677056) com.example.filter.RequestLogFilter      : 请求URL: "/api/user/change-password" (POST) | 远程IP地址: 0:0:0:0:0:0:0:1 │ 身份: 一粟 (UID: 7) | 角色: [ROLE_user] | 请求参数列表: {}
2025-04-16 22:33:30.778  WARN 18308 --- [http-nio-8080-exec-6] (225343598533677056) o.s.s.c.bcrypt.BCryptPasswordEncoder     : Encoded password does not look like BCrypt
2025-04-16 22:33:30.778  INFO 18308 --- [http-nio-8080-exec-6] (225343598533677056) com.example.filter.RequestLogFilter      : 请求处理耗时: 4ms | 响应结果: {"id":225343598533677056,"code":400,"data":null,"message":"原密码错误，请重新输入！"}
2025-04-16 22:33:42.558  INFO 18308 --- [http-nio-8080-exec-7] (225343647959355392) com.example.filter.RequestLogFilter      : 请求URL: "/api/auth/logout" (OPTIONS) | 远程IP地址: 0:0:0:0:0:0:0:1 │ 身份: 未验证 | 请求参数列表: {}
2025-04-16 22:33:42.569  INFO 18308 --- [http-nio-8080-exec-7] (225343647959355392) com.example.filter.RequestLogFilter      : 请求处理耗时: 11ms | 响应结果: 
2025-04-16 22:33:48.878  INFO 18308 --- [http-nio-8080-exec-9] (225343674467356672) com.example.filter.RequestLogFilter      : 请求URL: "/api/auth/login" (POST) | 远程IP地址: 0:0:0:0:0:0:0:1 │ 身份: 未验证 | 请求参数列表: {"username":"Y1Suuu@163.com","password":"123456"}
2025-04-16 22:33:49.019  INFO 18308 --- [http-nio-8080-exec-9] (225343674467356672) com.example.filter.RequestLogFilter      : 请求处理耗时: 141ms | 响应结果: {"code":200,"data":{"expire":"2025-04-19 22:33:49.015","role":"user","token":"eyJ0eXAiOiJKV1QiLCJhbGciOiJIUzI1NiJ9.eyJuYW1lIjoi5LiA57KfIiwiaWQiOjcsImV4cCI6MTc0NTA3MzIyOSwiaWF0IjoxNzQ0ODE0MDI5LCJqdGkiOiI2ZDFlNzAwNS1mNzQyLTRkNDctODc3Ni0yYWY0MWZjMWQ0NDAiLCJhdXRob3JpdGllcyI6WyJST0xFX3VzZXIiXX0.6Uopeb8RTfudj-xF8qAQuweOWEtaB7F4ZJa8Jcdlvs4","username":"一粟"},"id":225343674467356672,"message":"请求成功"}
2025-04-16 22:33:52.128  INFO 18308 --- [http-nio-8080-exec-10] (225343688098844672) com.example.filter.RequestLogFilter      : 请求URL: "/api/user/info" (OPTIONS) | 远程IP地址: 0:0:0:0:0:0:0:1 │ 身份: 未验证 | 请求参数列表: {}
2025-04-16 22:33:52.129  INFO 18308 --- [http-nio-8080-exec-10] (225343688098844672) com.example.filter.RequestLogFilter      : 请求处理耗时: 1ms | 响应结果: {"code":401,"data":null,"id":225343688098844672,"message":"Full authentication is required to access this resource"}
2025-04-16 22:33:52.132  INFO 18308 --- [http-nio-8080-exec-1] (225343688115621888) com.example.filter.RequestLogFilter      : 请求URL: "/api/user/info" (GET) | 远程IP地址: 0:0:0:0:0:0:0:1 │ 身份: 一粟 (UID: 7) | 角色: [ROLE_user] | 请求参数列表: {}
2025-04-16 22:33:52.138  INFO 18308 --- [http-nio-8080-exec-1] (225343688115621888) com.example.filter.RequestLogFilter      : 请求处理耗时: 6ms | 响应结果: {"id":225343688115621888,"code":200,"data":{"username":"一粟","email":"y1suuu@163.com","role":"user","register_time":"2025-04-11T19:51:17.000+00:00"},"message":"请求成功"}
2025-04-16 22:34:05.120  INFO 18308 --- [http-nio-8080-exec-3] (225343742591242240) com.example.filter.RequestLogFilter      : 请求URL: "/api/user/change-password" (OPTIONS) | 远程IP地址: 0:0:0:0:0:0:0:1 │ 身份: 未验证 | 请求参数列表: {}
2025-04-16 22:34:05.121  INFO 18308 --- [http-nio-8080-exec-3] (225343742591242240) com.example.filter.RequestLogFilter      : 请求处理耗时: 1ms | 响应结果: {"code":401,"data":null,"id":225343742591242240,"message":"Full authentication is required to access this resource"}
2025-04-16 22:34:05.123  INFO 18308 --- [http-nio-8080-exec-2] (225343742603825152) com.example.filter.RequestLogFilter      : 请求URL: "/api/user/change-password" (POST) | 远程IP地址: 0:0:0:0:0:0:0:1 │ 身份: 一粟 (UID: 7) | 角色: [ROLE_user] | 请求参数列表: {}
2025-04-16 22:34:05.126  WARN 18308 --- [http-nio-8080-exec-2] (225343742603825152) o.s.s.c.bcrypt.BCryptPasswordEncoder     : Encoded password does not look like BCrypt
2025-04-16 22:34:05.127  INFO 18308 --- [http-nio-8080-exec-2] (225343742603825152) com.example.filter.RequestLogFilter      : 请求处理耗时: 4ms | 响应结果: {"id":225343742603825152,"code":400,"data":null,"message":"原密码错误，请重新输入！"}
2025-04-16 22:37:55.068  INFO 18308 --- [org.springframework.amqp.rabbit.RabbitListenerEndpointContainer#0-2] (system) o.s.a.r.l.SimpleMessageListenerContainer : Waiting for workers to finish.
2025-04-16 22:37:55.776  INFO 18308 --- [org.springframework.amqp.rabbit.RabbitListenerEndpointContainer#0-2] (system) o.s.a.r.l.SimpleMessageListenerContainer : Successfully waited for workers to finish.
2025-04-16 22:37:55.776  INFO 18308 --- [SpringApplicationShutdownHook] (system) o.s.b.w.e.tomcat.GracefulShutdown        : Commencing graceful shutdown. Waiting for active requests to complete
2025-04-16 22:37:55.944  INFO 18308 --- [tomcat-shutdown] (system) o.s.b.w.e.tomcat.GracefulShutdown        : Graceful shutdown complete
2025-04-16 22:37:55.954  INFO 18308 --- [SpringApplicationShutdownHook] (system) com.zaxxer.hikari.HikariDataSource       : HikariPool-1 - Shutdown initiated...
2025-04-16 22:37:55.957  INFO 18308 --- [SpringApplicationShutdownHook] (system) com.zaxxer.hikari.HikariDataSource       : HikariPool-1 - Shutdown completed.
2025-04-16 22:37:58.590  INFO 19524 --- [main] (system) c.example.MyProjectBackendApplication    : Starting MyProjectBackendApplication using Java 17.0.12 with PID 19524 (C:\Users\SUYU\Desktop\my-project\my-project-backend\target\classes started by SUYU in C:\Users\SUYU\Desktop\my-project)
2025-04-16 22:37:58.591  INFO 19524 --- [main] (system) c.example.MyProjectBackendApplication    : The following 1 profile is active: "dev"
2025-04-16 22:37:59.050  INFO 19524 --- [main] (system) .s.d.r.c.RepositoryConfigurationDelegate : Multiple Spring Data modules found, entering strict repository configuration mode
2025-04-16 22:37:59.051  INFO 19524 --- [main] (system) .s.d.r.c.RepositoryConfigurationDelegate : Bootstrapping Spring Data Redis repositories in DEFAULT mode.
2025-04-16 22:37:59.069  INFO 19524 --- [main] (system) .s.d.r.c.RepositoryConfigurationDelegate : Finished Spring Data repository scanning in 7 ms. Found 0 Redis repository interfaces.
2025-04-16 22:37:59.411  INFO 19524 --- [main] (system) o.s.b.w.embedded.tomcat.TomcatWebServer  : Tomcat initialized with port 8080 (http)
2025-04-16 22:37:59.418  INFO 19524 --- [main] (system) o.apache.catalina.core.StandardService   : Starting service [Tomcat]
2025-04-16 22:37:59.418  INFO 19524 --- [main] (system) o.apache.catalina.core.StandardEngine    : Starting Servlet engine: [Apache Tomcat/10.1.39]
2025-04-16 22:37:59.452  INFO 19524 --- [main] (system) o.a.c.c.C.[Tomcat].[localhost].[/]       : Initializing Spring embedded WebApplicationContext
2025-04-16 22:37:59.453  INFO 19524 --- [main] (system) w.s.c.ServletWebServerApplicationContext : Root WebApplicationContext: initialization completed in 839 ms
2025-04-16 22:38:00.041  INFO 19524 --- [main] (system) r$InitializeUserDetailsManagerConfigurer : Global AuthenticationManager configured with UserDetailsService bean with name accountServiceImpl
2025-04-16 22:38:00.389  INFO 19524 --- [main] (system) o.s.b.w.embedded.tomcat.TomcatWebServer  : Tomcat started on port 8080 (http) with context path '/'
2025-04-16 22:38:00.391  INFO 19524 --- [main] (system) o.s.a.r.c.CachingConnectionFactory       : Attempting to connect to: [localhost:5672]
2025-04-16 22:38:00.412  INFO 19524 --- [main] (system) o.s.a.r.c.CachingConnectionFactory       : Created new connection: rabbitConnectionFactory#6dd38df2:0/SimpleConnection@151d216e [delegate=amqp://admin@127.0.0.1:5672/, localPort=12554]
2025-04-16 22:38:00.438  INFO 19524 --- [main] (system) c.example.MyProjectBackendApplication    : Started MyProjectBackendApplication in 2.142 seconds (process running for 2.42)
2025-04-16 22:38:14.557  INFO 19524 --- [http-nio-8080-exec-1] (system) o.a.c.c.C.[Tomcat].[localhost].[/]       : Initializing Spring DispatcherServlet 'dispatcherServlet'
2025-04-16 22:38:14.558  INFO 19524 --- [http-nio-8080-exec-1] (system) o.s.web.servlet.DispatcherServlet        : Initializing Servlet 'dispatcherServlet'
2025-04-16 22:38:14.558  INFO 19524 --- [http-nio-8080-exec-1] (system) o.s.web.servlet.DispatcherServlet        : Completed initialization in 0 ms
2025-04-16 22:38:14.807  INFO 19524 --- [http-nio-8080-exec-1] (225344789850230784) com.example.filter.RequestLogFilter      : 请求URL: "/api/user/change-password" (OPTIONS) | 远程IP地址: 0:0:0:0:0:0:0:1 │ 身份: 未验证 | 请求参数列表: {}
2025-04-16 22:38:14.893  INFO 19524 --- [http-nio-8080-exec-1] (225344789850230784) com.example.filter.RequestLogFilter      : 请求处理耗时: 87ms | 响应结果: {"code":401,"data":null,"id":225344789850230784,"message":"Full authentication is required to access this resource"}
2025-04-16 22:38:14.922  INFO 19524 --- [http-nio-8080-exec-2] (225344790336770048) com.example.filter.RequestLogFilter      : 请求URL: "/api/user/change-password" (POST) | 远程IP地址: 0:0:0:0:0:0:0:1 │ 身份: 一粟 (UID: 7) | 角色: [ROLE_user] | 请求参数列表: {}
2025-04-16 22:38:15.026  INFO 19524 --- [http-nio-8080-exec-2] (225344790336770048) com.zaxxer.hikari.HikariDataSource       : HikariPool-1 - Starting...
2025-04-16 22:38:15.168  INFO 19524 --- [http-nio-8080-exec-2] (225344790336770048) com.zaxxer.hikari.pool.HikariPool        : HikariPool-1 - Added connection com.mysql.cj.jdbc.ConnectionImpl@1ff431e9
2025-04-16 22:38:15.169  INFO 19524 --- [http-nio-8080-exec-2] (225344790336770048) com.zaxxer.hikari.HikariDataSource       : HikariPool-1 - Start completed.
2025-04-16 22:38:15.369  INFO 19524 --- [http-nio-8080-exec-2] (225344790336770048) com.example.filter.RequestLogFilter      : 请求处理耗时: 447ms | 响应结果: {"id":225344790336770048,"code":200,"data":null,"message":"请求成功"}
2025-04-16 23:12:54.777  INFO 19524 --- [org.springframework.amqp.rabbit.RabbitListenerEndpointContainer#0-2] (system) o.s.a.r.l.SimpleMessageListenerContainer : Waiting for workers to finish.
2025-04-16 23:12:55.238  INFO 19524 --- [org.springframework.amqp.rabbit.RabbitListenerEndpointContainer#0-2] (system) o.s.a.r.l.SimpleMessageListenerContainer : Successfully waited for workers to finish.
2025-04-16 23:12:55.240  INFO 19524 --- [SpringApplicationShutdownHook] (system) o.s.b.w.e.tomcat.GracefulShutdown        : Commencing graceful shutdown. Waiting for active requests to complete
2025-04-16 23:12:55.400  INFO 19524 --- [tomcat-shutdown] (system) o.s.b.w.e.tomcat.GracefulShutdown        : Graceful shutdown complete
2025-04-16 23:12:55.427  INFO 19524 --- [SpringApplicationShutdownHook] (system) com.zaxxer.hikari.HikariDataSource       : HikariPool-1 - Shutdown initiated...
2025-04-16 23:12:55.430  INFO 19524 --- [SpringApplicationShutdownHook] (system) com.zaxxer.hikari.HikariDataSource       : HikariPool-1 - Shutdown completed.
